ERROR - 2023-01-03 09:35:18 --> mysqli_sql_exception: Table 'nadi-diasproject.contact_us' doesn't exist in C:\xampp8-1-12\htdocs\nadi-diasproject\system\Database\MySQLi\Connection.php:292
Stack trace:
#0 C:\xampp8-1-12\htdocs\nadi-diasproject\system\Database\MySQLi\Connection.php(292): mysqli->query('SELECT *\nFROM `...', 0)
#1 C:\xampp8-1-12\htdocs\nadi-diasproject\system\Database\BaseConnection.php(666): CodeIgniter\Database\MySQLi\Connection->execute('SELECT *\nFROM `...')
#2 C:\xampp8-1-12\htdocs\nadi-diasproject\system\Database\BaseConnection.php(593): CodeIgniter\Database\BaseConnection->simpleQuery('SELECT *\nFROM `...')
#3 C:\xampp8-1-12\htdocs\nadi-diasproject\system\Database\BaseBuilder.php(1585): CodeIgniter\Database\BaseConnection->query('SELECT *\nFROM `...', Array, false)
#4 C:\xampp8-1-12\htdocs\nadi-diasproject\system\Model.php(805): CodeIgniter\Database\BaseBuilder->get()
#5 C:\xampp8-1-12\htdocs\nadi-diasproject\app\Controllers\Frontend\Contactcontroller.php(24): CodeIgniter\Model->__call('get', Array)
#6 C:\xampp8-1-12\htdocs\nadi-diasproject\system\CodeIgniter.php(925): App\Controllers\Frontend\Contactcontroller->index()
#7 C:\xampp8-1-12\htdocs\nadi-diasproject\system\CodeIgniter.php(480): CodeIgniter\CodeIgniter->runController(Object(App\Controllers\Frontend\Contactcontroller))
#8 C:\xampp8-1-12\htdocs\nadi-diasproject\system\CodeIgniter.php(349): CodeIgniter\CodeIgniter->handleRequest(NULL, Object(Config\Cache), false)
#9 C:\xampp8-1-12\htdocs\nadi-diasproject\public\index.php(67): CodeIgniter\CodeIgniter->run()
#10 C:\xampp8-1-12\htdocs\nadi-diasproject\system\Commands\Server\rewrite.php(47): require_once('C:\\xampp8-1-12\\...')
#11 {main}
CRITICAL - 2023-01-03 09:35:18 --> Table 'nadi-diasproject.contact_us' doesn't exist
in SYSTEMPATH\Database\MySQLi\Connection.php on line 292.
 1 SYSTEMPATH\Database\MySQLi\Connection.php(292): mysqli->query('SELECT *
FROM `contact_us`', 0)
 2 SYSTEMPATH\Database\BaseConnection.php(666): CodeIgniter\Database\MySQLi\Connection->execute('SELECT *
FROM `contact_us`')
 3 SYSTEMPATH\Database\BaseConnection.php(593): CodeIgniter\Database\BaseConnection->simpleQuery('SELECT *
FROM `contact_us`')
 4 SYSTEMPATH\Database\BaseBuilder.php(1585): CodeIgniter\Database\BaseConnection->query('SELECT *
FROM `contact_us`', [], false)
 5 SYSTEMPATH\Model.php(805): CodeIgniter\Database\BaseBuilder->get()
 6 APPPATH\Controllers\Frontend\Contactcontroller.php(24): CodeIgniter\Model->__call('get', [])
 7 SYSTEMPATH\CodeIgniter.php(925): App\Controllers\Frontend\Contactcontroller->index()
 8 SYSTEMPATH\CodeIgniter.php(480): CodeIgniter\CodeIgniter->runController(Object(App\Controllers\Frontend\Contactcontroller))
 9 SYSTEMPATH\CodeIgniter.php(349): CodeIgniter\CodeIgniter->handleRequest(null, Object(Config\Cache), false)
10 FCPATH\index.php(67): CodeIgniter\CodeIgniter->run()
11 SYSTEMPATH\Commands\Server\rewrite.php(47): require_once('FCPATH\\index.php')
CRITICAL - 2023-01-03 10:03:01 --> Undefined property: stdClass::$name
in APPPATH\Views\extranet\faq\edit.php on line 37.
 1 APPPATH\Views\extranet\faq\edit.php(37): CodeIgniter\Debug\Exceptions->errorHandler(2, 'Undefined property: stdClass::$name', 'APPPATH\\Views\\extranet\\faq\\edit.php', 37)
 2 SYSTEMPATH\View\View.php(213): include('APPPATH\\Views\\extranet\\faq\\edit.php')
 3 SYSTEMPATH\View\View.php(216): CodeIgniter\View\View->CodeIgniter\View\{closure}()
 4 SYSTEMPATH\Common.php(1135): CodeIgniter\View\View->render('extranet/faq/edit', [], true)
 5 APPPATH\Controllers\Extranet\Faqcontroller.php(51): view('extranet/faq/edit', [...])
 6 SYSTEMPATH\CodeIgniter.php(925): App\Controllers\Extranet\Faqcontroller->edit('f1e5d374-8b7f-11ed-af90-b0227a7395f6')
 7 SYSTEMPATH\CodeIgniter.php(480): CodeIgniter\CodeIgniter->runController(Object(App\Controllers\Extranet\Faqcontroller))
 8 SYSTEMPATH\CodeIgniter.php(349): CodeIgniter\CodeIgniter->handleRequest(null, Object(Config\Cache), false)
 9 FCPATH\index.php(67): CodeIgniter\CodeIgniter->run()
10 SYSTEMPATH\Commands\Server\rewrite.php(47): require_once('FCPATH\\index.php')
CRITICAL - 2023-01-03 10:27:22 --> Attempt to read property "discount" on null
in APPPATH\Views\frontend\product\show.php on line 63.
 1 APPPATH\Views\frontend\product\show.php(63): CodeIgniter\Debug\Exceptions->errorHandler(2, 'Attempt to read property "discount" on null', 'APPPATH\\Views\\frontend\\product\\show.php', 63)
 2 SYSTEMPATH\View\View.php(213): include('APPPATH\\Views\\frontend\\product\\show.php')
 3 SYSTEMPATH\View\View.php(216): CodeIgniter\View\View->CodeIgniter\View\{closure}()
 4 SYSTEMPATH\Common.php(1135): CodeIgniter\View\View->render('frontend/product/show', [], true)
 5 APPPATH\Controllers\Frontend\Productcontroller.php(98): view('frontend/product/show', [...])
 6 SYSTEMPATH\CodeIgniter.php(925): App\Controllers\Frontend\Productcontroller->show('search')
 7 SYSTEMPATH\CodeIgniter.php(480): CodeIgniter\CodeIgniter->runController(Object(App\Controllers\Frontend\Productcontroller))
 8 SYSTEMPATH\CodeIgniter.php(349): CodeIgniter\CodeIgniter->handleRequest(null, Object(Config\Cache), false)
 9 FCPATH\index.php(67): CodeIgniter\CodeIgniter->run()
10 SYSTEMPATH\Commands\Server\rewrite.php(47): require_once('FCPATH\\index.php')
CRITICAL - 2023-01-03 10:28:47 --> Attempt to read property "discount" on null
in APPPATH\Views\frontend\product\show.php on line 63.
 1 APPPATH\Views\frontend\product\show.php(63): CodeIgniter\Debug\Exceptions->errorHandler(2, 'Attempt to read property "discount" on null', 'APPPATH\\Views\\frontend\\product\\show.php', 63)
 2 SYSTEMPATH\View\View.php(213): include('APPPATH\\Views\\frontend\\product\\show.php')
 3 SYSTEMPATH\View\View.php(216): CodeIgniter\View\View->CodeIgniter\View\{closure}()
 4 SYSTEMPATH\Common.php(1135): CodeIgniter\View\View->render('frontend/product/show', [], true)
 5 APPPATH\Controllers\Frontend\Productcontroller.php(98): view('frontend/product/show', [...])
 6 SYSTEMPATH\CodeIgniter.php(925): App\Controllers\Frontend\Productcontroller->show('search')
 7 SYSTEMPATH\CodeIgniter.php(480): CodeIgniter\CodeIgniter->runController(Object(App\Controllers\Frontend\Productcontroller))
 8 SYSTEMPATH\CodeIgniter.php(349): CodeIgniter\CodeIgniter->handleRequest(null, Object(Config\Cache), false)
 9 FCPATH\index.php(67): CodeIgniter\CodeIgniter->run()
10 SYSTEMPATH\Commands\Server\rewrite.php(47): require_once('FCPATH\\index.php')
CRITICAL - 2023-01-03 10:29:24 --> Attempt to read property "discount" on null
in APPPATH\Views\frontend\product\show.php on line 63.
 1 APPPATH\Views\frontend\product\show.php(63): CodeIgniter\Debug\Exceptions->errorHandler(2, 'Attempt to read property "discount" on null', 'APPPATH\\Views\\frontend\\product\\show.php', 63)
 2 SYSTEMPATH\View\View.php(213): include('APPPATH\\Views\\frontend\\product\\show.php')
 3 SYSTEMPATH\View\View.php(216): CodeIgniter\View\View->CodeIgniter\View\{closure}()
 4 SYSTEMPATH\Common.php(1135): CodeIgniter\View\View->render('frontend/product/show', [], true)
 5 APPPATH\Controllers\Frontend\Productcontroller.php(98): view('frontend/product/show', [...])
 6 SYSTEMPATH\CodeIgniter.php(925): App\Controllers\Frontend\Productcontroller->show('search')
 7 SYSTEMPATH\CodeIgniter.php(480): CodeIgniter\CodeIgniter->runController(Object(App\Controllers\Frontend\Productcontroller))
 8 SYSTEMPATH\CodeIgniter.php(349): CodeIgniter\CodeIgniter->handleRequest(null, Object(Config\Cache), false)
 9 FCPATH\index.php(67): CodeIgniter\CodeIgniter->run()
10 SYSTEMPATH\Commands\Server\rewrite.php(47): require_once('FCPATH\\index.php')
ERROR - 2023-01-03 10:30:21 --> mysqli_sql_exception: You have an error in your SQL syntax; check the manual that corresponds to your MariaDB server version for the right syntax to use near '%'roti'%
            AND product.status != 0
            AND product_catego...' at line 17 in C:\xampp8-1-12\htdocs\nadi-diasproject\system\Database\MySQLi\Connection.php:292
Stack trace:
#0 C:\xampp8-1-12\htdocs\nadi-diasproject\system\Database\MySQLi\Connection.php(292): mysqli->query('\r\n        SELEC...', 0)
#1 C:\xampp8-1-12\htdocs\nadi-diasproject\system\Database\BaseConnection.php(666): CodeIgniter\Database\MySQLi\Connection->execute('\r\n        SELEC...')
#2 C:\xampp8-1-12\htdocs\nadi-diasproject\system\Database\BaseConnection.php(593): CodeIgniter\Database\BaseConnection->simpleQuery('\r\n        SELEC...')
#3 C:\xampp8-1-12\htdocs\nadi-diasproject\app\Controllers\Frontend\Productcontroller.php(134): CodeIgniter\Database\BaseConnection->query('\r\n        SELEC...')
#4 C:\xampp8-1-12\htdocs\nadi-diasproject\system\CodeIgniter.php(925): App\Controllers\Frontend\Productcontroller->search()
#5 C:\xampp8-1-12\htdocs\nadi-diasproject\system\CodeIgniter.php(480): CodeIgniter\CodeIgniter->runController(Object(App\Controllers\Frontend\Productcontroller))
#6 C:\xampp8-1-12\htdocs\nadi-diasproject\system\CodeIgniter.php(349): CodeIgniter\CodeIgniter->handleRequest(NULL, Object(Config\Cache), false)
#7 C:\xampp8-1-12\htdocs\nadi-diasproject\public\index.php(67): CodeIgniter\CodeIgniter->run()
#8 C:\xampp8-1-12\htdocs\nadi-diasproject\system\Commands\Server\rewrite.php(47): require_once('C:\\xampp8-1-12\\...')
#9 {main}
CRITICAL - 2023-01-03 10:30:21 --> You have an error in your SQL syntax; check the manual that corresponds to your MariaDB server version for the right syntax to use near '%'roti'%
            AND product.status != 0
            AND product_catego...' at line 17
in SYSTEMPATH\Database\MySQLi\Connection.php on line 292.
 1 SYSTEMPATH\Database\MySQLi\Connection.php(292): mysqli->query('
        SELECT 
            product.id,
            product.sku,
            product.name as product_name,
            product.rating,
            product.price,
            product.discount,
            product.tag,
            product.image1,
            product.image2,
            product.image3,
            product.description,
            product_category.name as category_name,
            product_category.id as category_id
        FROM product JOIN product_category
        ON product.product_category_id = product_category.id
        WHERE product.name LIKE %\'roti\'%
            AND product.status != 0
            AND product_category.status != 0
        ', 0)
 2 SYSTEMPATH\Database\BaseConnection.php(666): CodeIgniter\Database\MySQLi\Connection->execute('
        SELECT 
            product.id,
            product.sku,
            product.name as product_name,
            product.rating,
            product.price,
            product.discount,
            product.tag,
            product.image1,
            product.image2,
            product.image3,
            product.description,
            product_category.name as category_name,
            product_category.id as category_id
        FROM product JOIN product_category
        ON product.product_category_id = product_category.id
        WHERE product.name LIKE %\'roti\'%
            AND product.status != 0
            AND product_category.status != 0
        ')
 3 SYSTEMPATH\Database\BaseConnection.php(593): CodeIgniter\Database\BaseConnection->simpleQuery('
        SELECT 
            product.id,
            product.sku,
            product.name as product_name,
            product.rating,
            product.price,
            product.discount,
            product.tag,
            product.image1,
            product.image2,
            product.image3,
            product.description,
            product_category.name as category_name,
            product_category.id as category_id
        FROM product JOIN product_category
        ON product.product_category_id = product_category.id
        WHERE product.name LIKE %\'roti\'%
            AND product.status != 0
            AND product_category.status != 0
        ')
 4 APPPATH\Controllers\Frontend\Productcontroller.php(134): CodeIgniter\Database\BaseConnection->query('
        SELECT 
            product.id,
            product.sku,
            product.name as product_name,
            product.rating,
            product.price,
            product.discount,
            product.tag,
            product.image1,
            product.image2,
            product.image3,
            product.description,
            product_category.name as category_name,
            product_category.id as category_id
        FROM product JOIN product_category
        ON product.product_category_id = product_category.id
        WHERE product.name LIKE %\'roti\'%
            AND product.status != 0
            AND product_category.status != 0
        ')
 5 SYSTEMPATH\CodeIgniter.php(925): App\Controllers\Frontend\Productcontroller->search()
 6 SYSTEMPATH\CodeIgniter.php(480): CodeIgniter\CodeIgniter->runController(Object(App\Controllers\Frontend\Productcontroller))
 7 SYSTEMPATH\CodeIgniter.php(349): CodeIgniter\CodeIgniter->handleRequest(null, Object(Config\Cache), false)
 8 FCPATH\index.php(67): CodeIgniter\CodeIgniter->run()
 9 SYSTEMPATH\Commands\Server\rewrite.php(47): require_once('FCPATH\\index.php')
CRITICAL - 2023-01-03 10:37:17 --> Attempt to read property "category_name" on null
in APPPATH\Views\extranet\product\show.php on line 38.
 1 APPPATH\Views\extranet\product\show.php(38): CodeIgniter\Debug\Exceptions->errorHandler(2, 'Attempt to read property "category_name" on null', 'APPPATH\\Views\\extranet\\product\\show.php', 38)
 2 SYSTEMPATH\View\View.php(213): include('APPPATH\\Views\\extranet\\product\\show.php')
 3 SYSTEMPATH\View\View.php(216): CodeIgniter\View\View->CodeIgniter\View\{closure}()
 4 SYSTEMPATH\Common.php(1135): CodeIgniter\View\View->render('extranet/product/show', [], true)
 5 APPPATH\Controllers\Extranet\Productcontroller.php(105): view('extranet/product/show', [...])
 6 SYSTEMPATH\CodeIgniter.php(925): App\Controllers\Extranet\Productcontroller->show('c8c9f149-8b84-11ed-af90-b0227a7395f6')
 7 SYSTEMPATH\CodeIgniter.php(480): CodeIgniter\CodeIgniter->runController(Object(App\Controllers\Extranet\Productcontroller))
 8 SYSTEMPATH\CodeIgniter.php(349): CodeIgniter\CodeIgniter->handleRequest(null, Object(Config\Cache), false)
 9 FCPATH\index.php(67): CodeIgniter\CodeIgniter->run()
10 SYSTEMPATH\Commands\Server\rewrite.php(47): require_once('FCPATH\\index.php')
CRITICAL - 2023-01-03 10:37:49 --> Attempt to read property "category_name" on null
in APPPATH\Views\extranet\product\show.php on line 38.
 1 APPPATH\Views\extranet\product\show.php(38): CodeIgniter\Debug\Exceptions->errorHandler(2, 'Attempt to read property "category_name" on null', 'APPPATH\\Views\\extranet\\product\\show.php', 38)
 2 SYSTEMPATH\View\View.php(213): include('APPPATH\\Views\\extranet\\product\\show.php')
 3 SYSTEMPATH\View\View.php(216): CodeIgniter\View\View->CodeIgniter\View\{closure}()
 4 SYSTEMPATH\Common.php(1135): CodeIgniter\View\View->render('extranet/product/show', [], true)
 5 APPPATH\Controllers\Extranet\Productcontroller.php(105): view('extranet/product/show', [...])
 6 SYSTEMPATH\CodeIgniter.php(925): App\Controllers\Extranet\Productcontroller->show('c8c9f149-8b84-11ed-af90-b0227a7395f6')
 7 SYSTEMPATH\CodeIgniter.php(480): CodeIgniter\CodeIgniter->runController(Object(App\Controllers\Extranet\Productcontroller))
 8 SYSTEMPATH\CodeIgniter.php(349): CodeIgniter\CodeIgniter->handleRequest(null, Object(Config\Cache), false)
 9 FCPATH\index.php(67): CodeIgniter\CodeIgniter->run()
10 SYSTEMPATH\Commands\Server\rewrite.php(47): require_once('FCPATH\\index.php')
CRITICAL - 2023-01-03 10:38:06 --> Attempt to read property "category_name" on null
in APPPATH\Views\extranet\product\show.php on line 38.
 1 APPPATH\Views\extranet\product\show.php(38): CodeIgniter\Debug\Exceptions->errorHandler(2, 'Attempt to read property "category_name" on null', 'APPPATH\\Views\\extranet\\product\\show.php', 38)
 2 SYSTEMPATH\View\View.php(213): include('APPPATH\\Views\\extranet\\product\\show.php')
 3 SYSTEMPATH\View\View.php(216): CodeIgniter\View\View->CodeIgniter\View\{closure}()
 4 SYSTEMPATH\Common.php(1135): CodeIgniter\View\View->render('extranet/product/show', [], true)
 5 APPPATH\Controllers\Extranet\Productcontroller.php(105): view('extranet/product/show', [...])
 6 SYSTEMPATH\CodeIgniter.php(925): App\Controllers\Extranet\Productcontroller->show('c8c9f149-8b84-11ed-af90-b0227a7395f6')
 7 SYSTEMPATH\CodeIgniter.php(480): CodeIgniter\CodeIgniter->runController(Object(App\Controllers\Extranet\Productcontroller))
 8 SYSTEMPATH\CodeIgniter.php(349): CodeIgniter\CodeIgniter->handleRequest(null, Object(Config\Cache), false)
 9 FCPATH\index.php(67): CodeIgniter\CodeIgniter->run()
10 SYSTEMPATH\Commands\Server\rewrite.php(47): require_once('FCPATH\\index.php')
