ERROR - 2023-01-01 00:14:45 --> mysqli_sql_exception: You have an error in your SQL syntax; check the manual that corresponds to your MariaDB server version for the right syntax to use near 'order JOIN order_detail
        ON order.id = order_detail.order_id
       ...' at line 11 in C:\xampp8-1-12\htdocs\nadi-diasproject\system\Database\MySQLi\Connection.php:292
Stack trace:
#0 C:\xampp8-1-12\htdocs\nadi-diasproject\system\Database\MySQLi\Connection.php(292): mysqli->query('\r\n        SELEC...', 0)
#1 C:\xampp8-1-12\htdocs\nadi-diasproject\system\Database\BaseConnection.php(666): CodeIgniter\Database\MySQLi\Connection->execute('\r\n        SELEC...')
#2 C:\xampp8-1-12\htdocs\nadi-diasproject\system\Database\BaseConnection.php(593): CodeIgniter\Database\BaseConnection->simpleQuery('\r\n        SELEC...')
#3 C:\xampp8-1-12\htdocs\nadi-diasproject\app\Controllers\Frontend\Ordercontroller.php(24): CodeIgniter\Database\BaseConnection->query('\r\n        SELEC...')
#4 C:\xampp8-1-12\htdocs\nadi-diasproject\system\CodeIgniter.php(925): App\Controllers\Frontend\Ordercontroller->confirmation()
#5 C:\xampp8-1-12\htdocs\nadi-diasproject\system\CodeIgniter.php(480): CodeIgniter\CodeIgniter->runController(Object(App\Controllers\Frontend\Ordercontroller))
#6 C:\xampp8-1-12\htdocs\nadi-diasproject\system\CodeIgniter.php(349): CodeIgniter\CodeIgniter->handleRequest(NULL, Object(Config\Cache), false)
#7 C:\xampp8-1-12\htdocs\nadi-diasproject\public\index.php(67): CodeIgniter\CodeIgniter->run()
#8 C:\xampp8-1-12\htdocs\nadi-diasproject\system\Commands\Server\rewrite.php(47): require_once('C:\\xampp8-1-12\\...')
#9 {main}
CRITICAL - 2023-01-01 00:14:45 --> You have an error in your SQL syntax; check the manual that corresponds to your MariaDB server version for the right syntax to use near 'order JOIN order_detail
        ON order.id = order_detail.order_id
       ...' at line 11
in SYSTEMPATH\Database\MySQLi\Connection.php on line 292.
 1 SYSTEMPATH\Database\MySQLi\Connection.php(292): mysqli->query('
        SELECT 
            order.id,
            order.order_number,
            order.total,
            order.total_discount,
            product.id as product_id,
            product.name as product_name,
            product.price,
            product.discount,
            product.image1
        FROM order JOIN order_detail
        ON order.id = order_detail.order_id
        WHERE order.status != 0
            AND order_detail.status != 0
        ', 0)
 2 SYSTEMPATH\Database\BaseConnection.php(666): CodeIgniter\Database\MySQLi\Connection->execute('
        SELECT 
            order.id,
            order.order_number,
            order.total,
            order.total_discount,
            product.id as product_id,
            product.name as product_name,
            product.price,
            product.discount,
            product.image1
        FROM order JOIN order_detail
        ON order.id = order_detail.order_id
        WHERE order.status != 0
            AND order_detail.status != 0
        ')
 3 SYSTEMPATH\Database\BaseConnection.php(593): CodeIgniter\Database\BaseConnection->simpleQuery('
        SELECT 
            order.id,
            order.order_number,
            order.total,
            order.total_discount,
            product.id as product_id,
            product.name as product_name,
            product.price,
            product.discount,
            product.image1
        FROM order JOIN order_detail
        ON order.id = order_detail.order_id
        WHERE order.status != 0
            AND order_detail.status != 0
        ')
 4 APPPATH\Controllers\Frontend\Ordercontroller.php(24): CodeIgniter\Database\BaseConnection->query('
        SELECT 
            order.id,
            order.order_number,
            order.total,
            order.total_discount,
            product.id as product_id,
            product.name as product_name,
            product.price,
            product.discount,
            product.image1
        FROM order JOIN order_detail
        ON order.id = order_detail.order_id
        WHERE order.status != 0
            AND order_detail.status != 0
        ')
 5 SYSTEMPATH\CodeIgniter.php(925): App\Controllers\Frontend\Ordercontroller->confirmation()
 6 SYSTEMPATH\CodeIgniter.php(480): CodeIgniter\CodeIgniter->runController(Object(App\Controllers\Frontend\Ordercontroller))
 7 SYSTEMPATH\CodeIgniter.php(349): CodeIgniter\CodeIgniter->handleRequest(null, Object(Config\Cache), false)
 8 FCPATH\index.php(67): CodeIgniter\CodeIgniter->run()
 9 SYSTEMPATH\Commands\Server\rewrite.php(47): require_once('FCPATH\\index.php')
ERROR - 2023-01-01 00:15:15 --> mysqli_sql_exception: You have an error in your SQL syntax; check the manual that corresponds to your MariaDB server version for the right syntax to use near 'order JOIN order_detail
        ON order.id = order_detail.order_id
       ...' at line 6 in C:\xampp8-1-12\htdocs\nadi-diasproject\system\Database\MySQLi\Connection.php:292
Stack trace:
#0 C:\xampp8-1-12\htdocs\nadi-diasproject\system\Database\MySQLi\Connection.php(292): mysqli->query('\r\n        SELEC...', 0)
#1 C:\xampp8-1-12\htdocs\nadi-diasproject\system\Database\BaseConnection.php(666): CodeIgniter\Database\MySQLi\Connection->execute('\r\n        SELEC...')
#2 C:\xampp8-1-12\htdocs\nadi-diasproject\system\Database\BaseConnection.php(593): CodeIgniter\Database\BaseConnection->simpleQuery('\r\n        SELEC...')
#3 C:\xampp8-1-12\htdocs\nadi-diasproject\app\Controllers\Frontend\Ordercontroller.php(24): CodeIgniter\Database\BaseConnection->query('\r\n        SELEC...')
#4 C:\xampp8-1-12\htdocs\nadi-diasproject\system\CodeIgniter.php(925): App\Controllers\Frontend\Ordercontroller->confirmation()
#5 C:\xampp8-1-12\htdocs\nadi-diasproject\system\CodeIgniter.php(480): CodeIgniter\CodeIgniter->runController(Object(App\Controllers\Frontend\Ordercontroller))
#6 C:\xampp8-1-12\htdocs\nadi-diasproject\system\CodeIgniter.php(349): CodeIgniter\CodeIgniter->handleRequest(NULL, Object(Config\Cache), false)
#7 C:\xampp8-1-12\htdocs\nadi-diasproject\public\index.php(67): CodeIgniter\CodeIgniter->run()
#8 C:\xampp8-1-12\htdocs\nadi-diasproject\system\Commands\Server\rewrite.php(47): require_once('C:\\xampp8-1-12\\...')
#9 {main}
CRITICAL - 2023-01-01 00:15:15 --> You have an error in your SQL syntax; check the manual that corresponds to your MariaDB server version for the right syntax to use near 'order JOIN order_detail
        ON order.id = order_detail.order_id
       ...' at line 6
in SYSTEMPATH\Database\MySQLi\Connection.php on line 292.
 1 SYSTEMPATH\Database\MySQLi\Connection.php(292): mysqli->query('
        SELECT 
            order.id,
            order.order_number,
            order.total,
            order.total_discount
        FROM order JOIN order_detail
        ON order.id = order_detail.order_id
        WHERE order.status != 0
            AND order_detail.status != 0
        ', 0)
 2 SYSTEMPATH\Database\BaseConnection.php(666): CodeIgniter\Database\MySQLi\Connection->execute('
        SELECT 
            order.id,
            order.order_number,
            order.total,
            order.total_discount
        FROM order JOIN order_detail
        ON order.id = order_detail.order_id
        WHERE order.status != 0
            AND order_detail.status != 0
        ')
 3 SYSTEMPATH\Database\BaseConnection.php(593): CodeIgniter\Database\BaseConnection->simpleQuery('
        SELECT 
            order.id,
            order.order_number,
            order.total,
            order.total_discount
        FROM order JOIN order_detail
        ON order.id = order_detail.order_id
        WHERE order.status != 0
            AND order_detail.status != 0
        ')
 4 APPPATH\Controllers\Frontend\Ordercontroller.php(24): CodeIgniter\Database\BaseConnection->query('
        SELECT 
            order.id,
            order.order_number,
            order.total,
            order.total_discount
        FROM order JOIN order_detail
        ON order.id = order_detail.order_id
        WHERE order.status != 0
            AND order_detail.status != 0
        ')
 5 SYSTEMPATH\CodeIgniter.php(925): App\Controllers\Frontend\Ordercontroller->confirmation()
 6 SYSTEMPATH\CodeIgniter.php(480): CodeIgniter\CodeIgniter->runController(Object(App\Controllers\Frontend\Ordercontroller))
 7 SYSTEMPATH\CodeIgniter.php(349): CodeIgniter\CodeIgniter->handleRequest(null, Object(Config\Cache), false)
 8 FCPATH\index.php(67): CodeIgniter\CodeIgniter->run()
 9 SYSTEMPATH\Commands\Server\rewrite.php(47): require_once('FCPATH\\index.php')
ERROR - 2023-01-01 00:15:41 --> mysqli_sql_exception: You have an error in your SQL syntax; check the manual that corresponds to your MariaDB server version for the right syntax to use near 'order JOIN order_detail
        ON order.id = order_detail.order_id
       ...' at line 6 in C:\xampp8-1-12\htdocs\nadi-diasproject\system\Database\MySQLi\Connection.php:292
Stack trace:
#0 C:\xampp8-1-12\htdocs\nadi-diasproject\system\Database\MySQLi\Connection.php(292): mysqli->query('\r\n        SELEC...', 0)
#1 C:\xampp8-1-12\htdocs\nadi-diasproject\system\Database\BaseConnection.php(666): CodeIgniter\Database\MySQLi\Connection->execute('\r\n        SELEC...')
#2 C:\xampp8-1-12\htdocs\nadi-diasproject\system\Database\BaseConnection.php(593): CodeIgniter\Database\BaseConnection->simpleQuery('\r\n        SELEC...')
#3 C:\xampp8-1-12\htdocs\nadi-diasproject\app\Controllers\Frontend\Ordercontroller.php(24): CodeIgniter\Database\BaseConnection->query('\r\n        SELEC...')
#4 C:\xampp8-1-12\htdocs\nadi-diasproject\system\CodeIgniter.php(925): App\Controllers\Frontend\Ordercontroller->confirmation()
#5 C:\xampp8-1-12\htdocs\nadi-diasproject\system\CodeIgniter.php(480): CodeIgniter\CodeIgniter->runController(Object(App\Controllers\Frontend\Ordercontroller))
#6 C:\xampp8-1-12\htdocs\nadi-diasproject\system\CodeIgniter.php(349): CodeIgniter\CodeIgniter->handleRequest(NULL, Object(Config\Cache), false)
#7 C:\xampp8-1-12\htdocs\nadi-diasproject\public\index.php(67): CodeIgniter\CodeIgniter->run()
#8 C:\xampp8-1-12\htdocs\nadi-diasproject\system\Commands\Server\rewrite.php(47): require_once('C:\\xampp8-1-12\\...')
#9 {main}
CRITICAL - 2023-01-01 00:15:41 --> You have an error in your SQL syntax; check the manual that corresponds to your MariaDB server version for the right syntax to use near 'order JOIN order_detail
        ON order.id = order_detail.order_id
       ...' at line 6
in SYSTEMPATH\Database\MySQLi\Connection.php on line 292.
 1 SYSTEMPATH\Database\MySQLi\Connection.php(292): mysqli->query('
        SELECT 
            order.id,
            order.order_number,
            order.total,
            order.total_discount
        FROM order JOIN order_detail
        ON order.id = order_detail.order_id
        WHERE order.status != 0
            AND order_detail.status != 0
        ', 0)
 2 SYSTEMPATH\Database\BaseConnection.php(666): CodeIgniter\Database\MySQLi\Connection->execute('
        SELECT 
            order.id,
            order.order_number,
            order.total,
            order.total_discount
        FROM order JOIN order_detail
        ON order.id = order_detail.order_id
        WHERE order.status != 0
            AND order_detail.status != 0
        ')
 3 SYSTEMPATH\Database\BaseConnection.php(593): CodeIgniter\Database\BaseConnection->simpleQuery('
        SELECT 
            order.id,
            order.order_number,
            order.total,
            order.total_discount
        FROM order JOIN order_detail
        ON order.id = order_detail.order_id
        WHERE order.status != 0
            AND order_detail.status != 0
        ')
 4 APPPATH\Controllers\Frontend\Ordercontroller.php(24): CodeIgniter\Database\BaseConnection->query('
        SELECT 
            order.id,
            order.order_number,
            order.total,
            order.total_discount
        FROM order JOIN order_detail
        ON order.id = order_detail.order_id
        WHERE order.status != 0
            AND order_detail.status != 0
        ')
 5 SYSTEMPATH\CodeIgniter.php(925): App\Controllers\Frontend\Ordercontroller->confirmation()
 6 SYSTEMPATH\CodeIgniter.php(480): CodeIgniter\CodeIgniter->runController(Object(App\Controllers\Frontend\Ordercontroller))
 7 SYSTEMPATH\CodeIgniter.php(349): CodeIgniter\CodeIgniter->handleRequest(null, Object(Config\Cache), false)
 8 FCPATH\index.php(67): CodeIgniter\CodeIgniter->run()
 9 SYSTEMPATH\Commands\Server\rewrite.php(47): require_once('FCPATH\\index.php')
ERROR - 2023-01-01 00:17:05 --> mysqli_sql_exception: You have an error in your SQL syntax; check the manual that corresponds to your MariaDB server version for the right syntax to use near 'order JOIN order_detail
        ON order.id = order_detail.order_id
       ...' at line 6 in C:\xampp8-1-12\htdocs\nadi-diasproject\system\Database\MySQLi\Connection.php:292
Stack trace:
#0 C:\xampp8-1-12\htdocs\nadi-diasproject\system\Database\MySQLi\Connection.php(292): mysqli->query('\r\n        SELEC...', 0)
#1 C:\xampp8-1-12\htdocs\nadi-diasproject\system\Database\BaseConnection.php(666): CodeIgniter\Database\MySQLi\Connection->execute('\r\n        SELEC...')
#2 C:\xampp8-1-12\htdocs\nadi-diasproject\system\Database\BaseConnection.php(593): CodeIgniter\Database\BaseConnection->simpleQuery('\r\n        SELEC...')
#3 C:\xampp8-1-12\htdocs\nadi-diasproject\app\Controllers\Frontend\Ordercontroller.php(24): CodeIgniter\Database\BaseConnection->query('\r\n        SELEC...')
#4 C:\xampp8-1-12\htdocs\nadi-diasproject\system\CodeIgniter.php(925): App\Controllers\Frontend\Ordercontroller->confirmation()
#5 C:\xampp8-1-12\htdocs\nadi-diasproject\system\CodeIgniter.php(480): CodeIgniter\CodeIgniter->runController(Object(App\Controllers\Frontend\Ordercontroller))
#6 C:\xampp8-1-12\htdocs\nadi-diasproject\system\CodeIgniter.php(349): CodeIgniter\CodeIgniter->handleRequest(NULL, Object(Config\Cache), false)
#7 C:\xampp8-1-12\htdocs\nadi-diasproject\public\index.php(67): CodeIgniter\CodeIgniter->run()
#8 C:\xampp8-1-12\htdocs\nadi-diasproject\system\Commands\Server\rewrite.php(47): require_once('C:\\xampp8-1-12\\...')
#9 {main}
CRITICAL - 2023-01-01 00:17:05 --> You have an error in your SQL syntax; check the manual that corresponds to your MariaDB server version for the right syntax to use near 'order JOIN order_detail
        ON order.id = order_detail.order_id
       ...' at line 6
in SYSTEMPATH\Database\MySQLi\Connection.php on line 292.
 1 SYSTEMPATH\Database\MySQLi\Connection.php(292): mysqli->query('
        SELECT 
            order.id,
            order.order_number,
            order.total,
            order.total_discount
        FROM order JOIN order_detail
        ON order.id = order_detail.order_id
        WHERE order.status != 0
            AND order_detail.status != 0
        ', 0)
 2 SYSTEMPATH\Database\BaseConnection.php(666): CodeIgniter\Database\MySQLi\Connection->execute('
        SELECT 
            order.id,
            order.order_number,
            order.total,
            order.total_discount
        FROM order JOIN order_detail
        ON order.id = order_detail.order_id
        WHERE order.status != 0
            AND order_detail.status != 0
        ')
 3 SYSTEMPATH\Database\BaseConnection.php(593): CodeIgniter\Database\BaseConnection->simpleQuery('
        SELECT 
            order.id,
            order.order_number,
            order.total,
            order.total_discount
        FROM order JOIN order_detail
        ON order.id = order_detail.order_id
        WHERE order.status != 0
            AND order_detail.status != 0
        ')
 4 APPPATH\Controllers\Frontend\Ordercontroller.php(24): CodeIgniter\Database\BaseConnection->query('
        SELECT 
            order.id,
            order.order_number,
            order.total,
            order.total_discount
        FROM order JOIN order_detail
        ON order.id = order_detail.order_id
        WHERE order.status != 0
            AND order_detail.status != 0
        ')
 5 SYSTEMPATH\CodeIgniter.php(925): App\Controllers\Frontend\Ordercontroller->confirmation()
 6 SYSTEMPATH\CodeIgniter.php(480): CodeIgniter\CodeIgniter->runController(Object(App\Controllers\Frontend\Ordercontroller))
 7 SYSTEMPATH\CodeIgniter.php(349): CodeIgniter\CodeIgniter->handleRequest(null, Object(Config\Cache), false)
 8 FCPATH\index.php(67): CodeIgniter\CodeIgniter->run()
 9 SYSTEMPATH\Commands\Server\rewrite.php(47): require_once('FCPATH\\index.php')
ERROR - 2023-01-01 00:17:07 --> mysqli_sql_exception: You have an error in your SQL syntax; check the manual that corresponds to your MariaDB server version for the right syntax to use near 'order JOIN order_detail
        ON order.id = order_detail.order_id
       ...' at line 6 in C:\xampp8-1-12\htdocs\nadi-diasproject\system\Database\MySQLi\Connection.php:292
Stack trace:
#0 C:\xampp8-1-12\htdocs\nadi-diasproject\system\Database\MySQLi\Connection.php(292): mysqli->query('\r\n        SELEC...', 0)
#1 C:\xampp8-1-12\htdocs\nadi-diasproject\system\Database\BaseConnection.php(666): CodeIgniter\Database\MySQLi\Connection->execute('\r\n        SELEC...')
#2 C:\xampp8-1-12\htdocs\nadi-diasproject\system\Database\BaseConnection.php(593): CodeIgniter\Database\BaseConnection->simpleQuery('\r\n        SELEC...')
#3 C:\xampp8-1-12\htdocs\nadi-diasproject\app\Controllers\Frontend\Ordercontroller.php(24): CodeIgniter\Database\BaseConnection->query('\r\n        SELEC...')
#4 C:\xampp8-1-12\htdocs\nadi-diasproject\system\CodeIgniter.php(925): App\Controllers\Frontend\Ordercontroller->confirmation()
#5 C:\xampp8-1-12\htdocs\nadi-diasproject\system\CodeIgniter.php(480): CodeIgniter\CodeIgniter->runController(Object(App\Controllers\Frontend\Ordercontroller))
#6 C:\xampp8-1-12\htdocs\nadi-diasproject\system\CodeIgniter.php(349): CodeIgniter\CodeIgniter->handleRequest(NULL, Object(Config\Cache), false)
#7 C:\xampp8-1-12\htdocs\nadi-diasproject\public\index.php(67): CodeIgniter\CodeIgniter->run()
#8 C:\xampp8-1-12\htdocs\nadi-diasproject\system\Commands\Server\rewrite.php(47): require_once('C:\\xampp8-1-12\\...')
#9 {main}
CRITICAL - 2023-01-01 00:17:07 --> You have an error in your SQL syntax; check the manual that corresponds to your MariaDB server version for the right syntax to use near 'order JOIN order_detail
        ON order.id = order_detail.order_id
       ...' at line 6
in SYSTEMPATH\Database\MySQLi\Connection.php on line 292.
 1 SYSTEMPATH\Database\MySQLi\Connection.php(292): mysqli->query('
        SELECT 
            order.id,
            order.order_number,
            order.total,
            order.total_discount
        FROM order JOIN order_detail
        ON order.id = order_detail.order_id
        WHERE order.status != 0
            AND order_detail.status != 0
        ', 0)
 2 SYSTEMPATH\Database\BaseConnection.php(666): CodeIgniter\Database\MySQLi\Connection->execute('
        SELECT 
            order.id,
            order.order_number,
            order.total,
            order.total_discount
        FROM order JOIN order_detail
        ON order.id = order_detail.order_id
        WHERE order.status != 0
            AND order_detail.status != 0
        ')
 3 SYSTEMPATH\Database\BaseConnection.php(593): CodeIgniter\Database\BaseConnection->simpleQuery('
        SELECT 
            order.id,
            order.order_number,
            order.total,
            order.total_discount
        FROM order JOIN order_detail
        ON order.id = order_detail.order_id
        WHERE order.status != 0
            AND order_detail.status != 0
        ')
 4 APPPATH\Controllers\Frontend\Ordercontroller.php(24): CodeIgniter\Database\BaseConnection->query('
        SELECT 
            order.id,
            order.order_number,
            order.total,
            order.total_discount
        FROM order JOIN order_detail
        ON order.id = order_detail.order_id
        WHERE order.status != 0
            AND order_detail.status != 0
        ')
 5 SYSTEMPATH\CodeIgniter.php(925): App\Controllers\Frontend\Ordercontroller->confirmation()
 6 SYSTEMPATH\CodeIgniter.php(480): CodeIgniter\CodeIgniter->runController(Object(App\Controllers\Frontend\Ordercontroller))
 7 SYSTEMPATH\CodeIgniter.php(349): CodeIgniter\CodeIgniter->handleRequest(null, Object(Config\Cache), false)
 8 FCPATH\index.php(67): CodeIgniter\CodeIgniter->run()
 9 SYSTEMPATH\Commands\Server\rewrite.php(47): require_once('FCPATH\\index.php')
ERROR - 2023-01-01 00:20:07 --> mysqli_sql_exception: You have an error in your SQL syntax; check the manual that corresponds to your MariaDB server version for the right syntax to use near 'ANS order.status != 0
            AND order_detail.status != 0' at line 9 in C:\xampp8-1-12\htdocs\nadi-diasproject\system\Database\MySQLi\Connection.php:292
Stack trace:
#0 C:\xampp8-1-12\htdocs\nadi-diasproject\system\Database\MySQLi\Connection.php(292): mysqli->query('\r\n        SELEC...', 0)
#1 C:\xampp8-1-12\htdocs\nadi-diasproject\system\Database\BaseConnection.php(666): CodeIgniter\Database\MySQLi\Connection->execute('\r\n        SELEC...')
#2 C:\xampp8-1-12\htdocs\nadi-diasproject\system\Database\BaseConnection.php(593): CodeIgniter\Database\BaseConnection->simpleQuery('\r\n        SELEC...')
#3 C:\xampp8-1-12\htdocs\nadi-diasproject\app\Controllers\Frontend\Ordercontroller.php(33): CodeIgniter\Database\BaseConnection->query('\r\n        SELEC...')
#4 C:\xampp8-1-12\htdocs\nadi-diasproject\system\CodeIgniter.php(925): App\Controllers\Frontend\Ordercontroller->confirmation()
#5 C:\xampp8-1-12\htdocs\nadi-diasproject\system\CodeIgniter.php(480): CodeIgniter\CodeIgniter->runController(Object(App\Controllers\Frontend\Ordercontroller))
#6 C:\xampp8-1-12\htdocs\nadi-diasproject\system\CodeIgniter.php(349): CodeIgniter\CodeIgniter->handleRequest(NULL, Object(Config\Cache), false)
#7 C:\xampp8-1-12\htdocs\nadi-diasproject\public\index.php(67): CodeIgniter\CodeIgniter->run()
#8 C:\xampp8-1-12\htdocs\nadi-diasproject\system\Commands\Server\rewrite.php(47): require_once('C:\\xampp8-1-12\\...')
#9 {main}
CRITICAL - 2023-01-01 00:20:07 --> You have an error in your SQL syntax; check the manual that corresponds to your MariaDB server version for the right syntax to use near 'ANS order.status != 0
            AND order_detail.status != 0' at line 9
in SYSTEMPATH\Database\MySQLi\Connection.php on line 292.
 1 SYSTEMPATH\Database\MySQLi\Connection.php(292): mysqli->query('
        SELECT 
            order.id,
            order.order_number,
            order.total,
            order.total_discount
        FROM `order` JOIN order_detail
        ON order.id = order_detail.order_id
        WHERE order.order_number = \'ORD2112623172\'
            ANS order.status != 0
            AND order_detail.status != 0
        ', 0)
 2 SYSTEMPATH\Database\BaseConnection.php(666): CodeIgniter\Database\MySQLi\Connection->execute('
        SELECT 
            order.id,
            order.order_number,
            order.total,
            order.total_discount
        FROM `order` JOIN order_detail
        ON order.id = order_detail.order_id
        WHERE order.order_number = \'ORD2112623172\'
            ANS order.status != 0
            AND order_detail.status != 0
        ')
 3 SYSTEMPATH\Database\BaseConnection.php(593): CodeIgniter\Database\BaseConnection->simpleQuery('
        SELECT 
            order.id,
            order.order_number,
            order.total,
            order.total_discount
        FROM `order` JOIN order_detail
        ON order.id = order_detail.order_id
        WHERE order.order_number = \'ORD2112623172\'
            ANS order.status != 0
            AND order_detail.status != 0
        ')
 4 APPPATH\Controllers\Frontend\Ordercontroller.php(33): CodeIgniter\Database\BaseConnection->query('
        SELECT 
            order.id,
            order.order_number,
            order.total,
            order.total_discount
        FROM `order` JOIN order_detail
        ON order.id = order_detail.order_id
        WHERE order.order_number = \'ORD2112623172\'
            ANS order.status != 0
            AND order_detail.status != 0
        ')
 5 SYSTEMPATH\CodeIgniter.php(925): App\Controllers\Frontend\Ordercontroller->confirmation()
 6 SYSTEMPATH\CodeIgniter.php(480): CodeIgniter\CodeIgniter->runController(Object(App\Controllers\Frontend\Ordercontroller))
 7 SYSTEMPATH\CodeIgniter.php(349): CodeIgniter\CodeIgniter->handleRequest(null, Object(Config\Cache), false)
 8 FCPATH\index.php(67): CodeIgniter\CodeIgniter->run()
 9 SYSTEMPATH\Commands\Server\rewrite.php(47): require_once('FCPATH\\index.php')
ERROR - 2023-01-01 00:20:28 --> mysqli_sql_exception: You have an error in your SQL syntax; check the manual that corresponds to your MariaDB server version for the right syntax to use near 'ANS `order`.status != 0
            AND order_detail.status != 0' at line 9 in C:\xampp8-1-12\htdocs\nadi-diasproject\system\Database\MySQLi\Connection.php:292
Stack trace:
#0 C:\xampp8-1-12\htdocs\nadi-diasproject\system\Database\MySQLi\Connection.php(292): mysqli->query('\r\n        SELEC...', 0)
#1 C:\xampp8-1-12\htdocs\nadi-diasproject\system\Database\BaseConnection.php(666): CodeIgniter\Database\MySQLi\Connection->execute('\r\n        SELEC...')
#2 C:\xampp8-1-12\htdocs\nadi-diasproject\system\Database\BaseConnection.php(593): CodeIgniter\Database\BaseConnection->simpleQuery('\r\n        SELEC...')
#3 C:\xampp8-1-12\htdocs\nadi-diasproject\app\Controllers\Frontend\Ordercontroller.php(33): CodeIgniter\Database\BaseConnection->query('\r\n        SELEC...')
#4 C:\xampp8-1-12\htdocs\nadi-diasproject\system\CodeIgniter.php(925): App\Controllers\Frontend\Ordercontroller->confirmation()
#5 C:\xampp8-1-12\htdocs\nadi-diasproject\system\CodeIgniter.php(480): CodeIgniter\CodeIgniter->runController(Object(App\Controllers\Frontend\Ordercontroller))
#6 C:\xampp8-1-12\htdocs\nadi-diasproject\system\CodeIgniter.php(349): CodeIgniter\CodeIgniter->handleRequest(NULL, Object(Config\Cache), false)
#7 C:\xampp8-1-12\htdocs\nadi-diasproject\public\index.php(67): CodeIgniter\CodeIgniter->run()
#8 C:\xampp8-1-12\htdocs\nadi-diasproject\system\Commands\Server\rewrite.php(47): require_once('C:\\xampp8-1-12\\...')
#9 {main}
CRITICAL - 2023-01-01 00:20:28 --> You have an error in your SQL syntax; check the manual that corresponds to your MariaDB server version for the right syntax to use near 'ANS `order`.status != 0
            AND order_detail.status != 0' at line 9
in SYSTEMPATH\Database\MySQLi\Connection.php on line 292.
 1 SYSTEMPATH\Database\MySQLi\Connection.php(292): mysqli->query('
        SELECT 
            order.id,
            order.order_number,
            order.total,
            order.total_discount
        FROM `order` JOIN order_detail
        ON `order`.id = order_detail.order_id
        WHERE `order`.order_number = \'ORD2112623172\'
            ANS `order`.status != 0
            AND order_detail.status != 0
        ', 0)
 2 SYSTEMPATH\Database\BaseConnection.php(666): CodeIgniter\Database\MySQLi\Connection->execute('
        SELECT 
            order.id,
            order.order_number,
            order.total,
            order.total_discount
        FROM `order` JOIN order_detail
        ON `order`.id = order_detail.order_id
        WHERE `order`.order_number = \'ORD2112623172\'
            ANS `order`.status != 0
            AND order_detail.status != 0
        ')
 3 SYSTEMPATH\Database\BaseConnection.php(593): CodeIgniter\Database\BaseConnection->simpleQuery('
        SELECT 
            order.id,
            order.order_number,
            order.total,
            order.total_discount
        FROM `order` JOIN order_detail
        ON `order`.id = order_detail.order_id
        WHERE `order`.order_number = \'ORD2112623172\'
            ANS `order`.status != 0
            AND order_detail.status != 0
        ')
 4 APPPATH\Controllers\Frontend\Ordercontroller.php(33): CodeIgniter\Database\BaseConnection->query('
        SELECT 
            order.id,
            order.order_number,
            order.total,
            order.total_discount
        FROM `order` JOIN order_detail
        ON `order`.id = order_detail.order_id
        WHERE `order`.order_number = \'ORD2112623172\'
            ANS `order`.status != 0
            AND order_detail.status != 0
        ')
 5 SYSTEMPATH\CodeIgniter.php(925): App\Controllers\Frontend\Ordercontroller->confirmation()
 6 SYSTEMPATH\CodeIgniter.php(480): CodeIgniter\CodeIgniter->runController(Object(App\Controllers\Frontend\Ordercontroller))
 7 SYSTEMPATH\CodeIgniter.php(349): CodeIgniter\CodeIgniter->handleRequest(null, Object(Config\Cache), false)
 8 FCPATH\index.php(67): CodeIgniter\CodeIgniter->run()
 9 SYSTEMPATH\Commands\Server\rewrite.php(47): require_once('FCPATH\\index.php')
ERROR - 2023-01-01 00:20:45 --> mysqli_sql_exception: Unknown column 'ORD2112623172' in 'where clause' in C:\xampp8-1-12\htdocs\nadi-diasproject\system\Database\MySQLi\Connection.php:292
Stack trace:
#0 C:\xampp8-1-12\htdocs\nadi-diasproject\system\Database\MySQLi\Connection.php(292): mysqli->query('\r\n        SELEC...', 0)
#1 C:\xampp8-1-12\htdocs\nadi-diasproject\system\Database\BaseConnection.php(666): CodeIgniter\Database\MySQLi\Connection->execute('\r\n        SELEC...')
#2 C:\xampp8-1-12\htdocs\nadi-diasproject\system\Database\BaseConnection.php(593): CodeIgniter\Database\BaseConnection->simpleQuery('\r\n        SELEC...')
#3 C:\xampp8-1-12\htdocs\nadi-diasproject\app\Controllers\Frontend\Ordercontroller.php(33): CodeIgniter\Database\BaseConnection->query('\r\n        SELEC...')
#4 C:\xampp8-1-12\htdocs\nadi-diasproject\system\CodeIgniter.php(925): App\Controllers\Frontend\Ordercontroller->confirmation()
#5 C:\xampp8-1-12\htdocs\nadi-diasproject\system\CodeIgniter.php(480): CodeIgniter\CodeIgniter->runController(Object(App\Controllers\Frontend\Ordercontroller))
#6 C:\xampp8-1-12\htdocs\nadi-diasproject\system\CodeIgniter.php(349): CodeIgniter\CodeIgniter->handleRequest(NULL, Object(Config\Cache), false)
#7 C:\xampp8-1-12\htdocs\nadi-diasproject\public\index.php(67): CodeIgniter\CodeIgniter->run()
#8 C:\xampp8-1-12\htdocs\nadi-diasproject\system\Commands\Server\rewrite.php(47): require_once('C:\\xampp8-1-12\\...')
#9 {main}
CRITICAL - 2023-01-01 00:20:45 --> Unknown column 'ORD2112623172' in 'where clause'
in SYSTEMPATH\Database\MySQLi\Connection.php on line 292.
 1 SYSTEMPATH\Database\MySQLi\Connection.php(292): mysqli->query('
        SELECT 
            order.id,
            order.order_number,
            order.total,
            order.total_discount
        FROM `order` JOIN order_detail
        ON `order`.id = order_detail.order_id
        WHERE `order`.order_number = ORD2112623172
            AND `order`.status != 0
            AND order_detail.status != 0
        ', 0)
 2 SYSTEMPATH\Database\BaseConnection.php(666): CodeIgniter\Database\MySQLi\Connection->execute('
        SELECT 
            order.id,
            order.order_number,
            order.total,
            order.total_discount
        FROM `order` JOIN order_detail
        ON `order`.id = order_detail.order_id
        WHERE `order`.order_number = ORD2112623172
            AND `order`.status != 0
            AND order_detail.status != 0
        ')
 3 SYSTEMPATH\Database\BaseConnection.php(593): CodeIgniter\Database\BaseConnection->simpleQuery('
        SELECT 
            order.id,
            order.order_number,
            order.total,
            order.total_discount
        FROM `order` JOIN order_detail
        ON `order`.id = order_detail.order_id
        WHERE `order`.order_number = ORD2112623172
            AND `order`.status != 0
            AND order_detail.status != 0
        ')
 4 APPPATH\Controllers\Frontend\Ordercontroller.php(33): CodeIgniter\Database\BaseConnection->query('
        SELECT 
            order.id,
            order.order_number,
            order.total,
            order.total_discount
        FROM `order` JOIN order_detail
        ON `order`.id = order_detail.order_id
        WHERE `order`.order_number = ORD2112623172
            AND `order`.status != 0
            AND order_detail.status != 0
        ')
 5 SYSTEMPATH\CodeIgniter.php(925): App\Controllers\Frontend\Ordercontroller->confirmation()
 6 SYSTEMPATH\CodeIgniter.php(480): CodeIgniter\CodeIgniter->runController(Object(App\Controllers\Frontend\Ordercontroller))
 7 SYSTEMPATH\CodeIgniter.php(349): CodeIgniter\CodeIgniter->handleRequest(null, Object(Config\Cache), false)
 8 FCPATH\index.php(67): CodeIgniter\CodeIgniter->run()
 9 SYSTEMPATH\Commands\Server\rewrite.php(47): require_once('FCPATH\\index.php')
CRITICAL - 2023-01-01 00:29:47 --> Undefined variable $cart_products
in APPPATH\Views\frontend\order\confirmation.php on line 82.
 1 APPPATH\Views\frontend\order\confirmation.php(82): CodeIgniter\Debug\Exceptions->errorHandler(2, 'Undefined variable $cart_products', 'APPPATH\\Views\\frontend\\order\\confirmation.php', 82)
 2 SYSTEMPATH\View\View.php(213): include('APPPATH\\Views\\frontend\\order\\confirmation.php')
 3 SYSTEMPATH\View\View.php(216): CodeIgniter\View\View->CodeIgniter\View\{closure}()
 4 SYSTEMPATH\Common.php(1135): CodeIgniter\View\View->render('frontend/order/confirmation', [], true)
 5 APPPATH\Controllers\Frontend\Ordercontroller.php(43): view('frontend/order/confirmation', [...])
 6 SYSTEMPATH\CodeIgniter.php(925): App\Controllers\Frontend\Ordercontroller->confirmation()
 7 SYSTEMPATH\CodeIgniter.php(480): CodeIgniter\CodeIgniter->runController(Object(App\Controllers\Frontend\Ordercontroller))
 8 SYSTEMPATH\CodeIgniter.php(349): CodeIgniter\CodeIgniter->handleRequest(null, Object(Config\Cache), false)
 9 FCPATH\index.php(67): CodeIgniter\CodeIgniter->run()
10 SYSTEMPATH\Commands\Server\rewrite.php(47): require_once('FCPATH\\index.php')
CRITICAL - 2023-01-01 00:46:45 --> Undefined variable $cart_products
in APPPATH\Views\frontend\order\confirmation.php on line 82.
 1 APPPATH\Views\frontend\order\confirmation.php(82): CodeIgniter\Debug\Exceptions->errorHandler(2, 'Undefined variable $cart_products', 'APPPATH\\Views\\frontend\\order\\confirmation.php', 82)
 2 SYSTEMPATH\View\View.php(213): include('APPPATH\\Views\\frontend\\order\\confirmation.php')
 3 SYSTEMPATH\View\View.php(216): CodeIgniter\View\View->CodeIgniter\View\{closure}()
 4 SYSTEMPATH\Common.php(1135): CodeIgniter\View\View->render('frontend/order/confirmation', [], true)
 5 APPPATH\Controllers\Frontend\Ordercontroller.php(43): view('frontend/order/confirmation', [...])
 6 SYSTEMPATH\CodeIgniter.php(925): App\Controllers\Frontend\Ordercontroller->confirmation()
 7 SYSTEMPATH\CodeIgniter.php(480): CodeIgniter\CodeIgniter->runController(Object(App\Controllers\Frontend\Ordercontroller))
 8 SYSTEMPATH\CodeIgniter.php(349): CodeIgniter\CodeIgniter->handleRequest(null, Object(Config\Cache), false)
 9 FCPATH\index.php(67): CodeIgniter\CodeIgniter->run()
10 SYSTEMPATH\Commands\Server\rewrite.php(47): require_once('FCPATH\\index.php')
CRITICAL - 2023-01-01 00:48:05 --> Undefined variable $cart_products
in APPPATH\Views\frontend\order\confirmation.php on line 82.
 1 APPPATH\Views\frontend\order\confirmation.php(82): CodeIgniter\Debug\Exceptions->errorHandler(2, 'Undefined variable $cart_products', 'APPPATH\\Views\\frontend\\order\\confirmation.php', 82)
 2 SYSTEMPATH\View\View.php(213): include('APPPATH\\Views\\frontend\\order\\confirmation.php')
 3 SYSTEMPATH\View\View.php(216): CodeIgniter\View\View->CodeIgniter\View\{closure}()
 4 SYSTEMPATH\Common.php(1135): CodeIgniter\View\View->render('frontend/order/confirmation', [], true)
 5 APPPATH\Controllers\Frontend\Ordercontroller.php(43): view('frontend/order/confirmation', [...])
 6 SYSTEMPATH\CodeIgniter.php(925): App\Controllers\Frontend\Ordercontroller->confirmation()
 7 SYSTEMPATH\CodeIgniter.php(480): CodeIgniter\CodeIgniter->runController(Object(App\Controllers\Frontend\Ordercontroller))
 8 SYSTEMPATH\CodeIgniter.php(349): CodeIgniter\CodeIgniter->handleRequest(null, Object(Config\Cache), false)
 9 FCPATH\index.php(67): CodeIgniter\CodeIgniter->run()
10 SYSTEMPATH\Commands\Server\rewrite.php(47): require_once('FCPATH\\index.php')
CRITICAL - 2023-01-01 00:50:05 --> Undefined property: stdClass::$cart_qty
in APPPATH\Views\frontend\order\confirmation.php on line 87.
 1 APPPATH\Views\frontend\order\confirmation.php(87): CodeIgniter\Debug\Exceptions->errorHandler(2, 'Undefined property: stdClass::$cart_qty', 'APPPATH\\Views\\frontend\\order\\confirmation.php', 87)
 2 SYSTEMPATH\View\View.php(213): include('APPPATH\\Views\\frontend\\order\\confirmation.php')
 3 SYSTEMPATH\View\View.php(216): CodeIgniter\View\View->CodeIgniter\View\{closure}()
 4 SYSTEMPATH\Common.php(1135): CodeIgniter\View\View->render('frontend/order/confirmation', [], true)
 5 APPPATH\Controllers\Frontend\Ordercontroller.php(43): view('frontend/order/confirmation', [...])
 6 SYSTEMPATH\CodeIgniter.php(925): App\Controllers\Frontend\Ordercontroller->confirmation()
 7 SYSTEMPATH\CodeIgniter.php(480): CodeIgniter\CodeIgniter->runController(Object(App\Controllers\Frontend\Ordercontroller))
 8 SYSTEMPATH\CodeIgniter.php(349): CodeIgniter\CodeIgniter->handleRequest(null, Object(Config\Cache), false)
 9 FCPATH\index.php(67): CodeIgniter\CodeIgniter->run()
10 SYSTEMPATH\Commands\Server\rewrite.php(47): require_once('FCPATH\\index.php')
CRITICAL - 2023-01-01 00:50:21 --> Undefined property: stdClass::$discount
in APPPATH\Views\frontend\order\confirmation.php on line 93.
 1 APPPATH\Views\frontend\order\confirmation.php(93): CodeIgniter\Debug\Exceptions->errorHandler(2, 'Undefined property: stdClass::$discount', 'APPPATH\\Views\\frontend\\order\\confirmation.php', 93)
 2 SYSTEMPATH\View\View.php(213): include('APPPATH\\Views\\frontend\\order\\confirmation.php')
 3 SYSTEMPATH\View\View.php(216): CodeIgniter\View\View->CodeIgniter\View\{closure}()
 4 SYSTEMPATH\Common.php(1135): CodeIgniter\View\View->render('frontend/order/confirmation', [], true)
 5 APPPATH\Controllers\Frontend\Ordercontroller.php(43): view('frontend/order/confirmation', [...])
 6 SYSTEMPATH\CodeIgniter.php(925): App\Controllers\Frontend\Ordercontroller->confirmation()
 7 SYSTEMPATH\CodeIgniter.php(480): CodeIgniter\CodeIgniter->runController(Object(App\Controllers\Frontend\Ordercontroller))
 8 SYSTEMPATH\CodeIgniter.php(349): CodeIgniter\CodeIgniter->handleRequest(null, Object(Config\Cache), false)
 9 FCPATH\index.php(67): CodeIgniter\CodeIgniter->run()
10 SYSTEMPATH\Commands\Server\rewrite.php(47): require_once('FCPATH\\index.php')
CRITICAL - 2023-01-01 00:51:21 --> Undefined property: stdClass::$total_price
in APPPATH\Views\frontend\order\confirmation.php on line 92.
 1 APPPATH\Views\frontend\order\confirmation.php(92): CodeIgniter\Debug\Exceptions->errorHandler(2, 'Undefined property: stdClass::$total_price', 'APPPATH\\Views\\frontend\\order\\confirmation.php', 92)
 2 SYSTEMPATH\View\View.php(213): include('APPPATH\\Views\\frontend\\order\\confirmation.php')
 3 SYSTEMPATH\View\View.php(216): CodeIgniter\View\View->CodeIgniter\View\{closure}()
 4 SYSTEMPATH\Common.php(1135): CodeIgniter\View\View->render('frontend/order/confirmation', [], true)
 5 APPPATH\Controllers\Frontend\Ordercontroller.php(43): view('frontend/order/confirmation', [...])
 6 SYSTEMPATH\CodeIgniter.php(925): App\Controllers\Frontend\Ordercontroller->confirmation()
 7 SYSTEMPATH\CodeIgniter.php(480): CodeIgniter\CodeIgniter->runController(Object(App\Controllers\Frontend\Ordercontroller))
 8 SYSTEMPATH\CodeIgniter.php(349): CodeIgniter\CodeIgniter->handleRequest(null, Object(Config\Cache), false)
 9 FCPATH\index.php(67): CodeIgniter\CodeIgniter->run()
10 SYSTEMPATH\Commands\Server\rewrite.php(47): require_once('FCPATH\\index.php')
CRITICAL - 2023-01-01 00:52:01 --> Undefined property: stdClass::$total_discount
in APPPATH\Views\frontend\order\confirmation.php on line 92.
 1 APPPATH\Views\frontend\order\confirmation.php(92): CodeIgniter\Debug\Exceptions->errorHandler(2, 'Undefined property: stdClass::$total_discount', 'APPPATH\\Views\\frontend\\order\\confirmation.php', 92)
 2 SYSTEMPATH\View\View.php(213): include('APPPATH\\Views\\frontend\\order\\confirmation.php')
 3 SYSTEMPATH\View\View.php(216): CodeIgniter\View\View->CodeIgniter\View\{closure}()
 4 SYSTEMPATH\Common.php(1135): CodeIgniter\View\View->render('frontend/order/confirmation', [], true)
 5 APPPATH\Controllers\Frontend\Ordercontroller.php(43): view('frontend/order/confirmation', [...])
 6 SYSTEMPATH\CodeIgniter.php(925): App\Controllers\Frontend\Ordercontroller->confirmation()
 7 SYSTEMPATH\CodeIgniter.php(480): CodeIgniter\CodeIgniter->runController(Object(App\Controllers\Frontend\Ordercontroller))
 8 SYSTEMPATH\CodeIgniter.php(349): CodeIgniter\CodeIgniter->handleRequest(null, Object(Config\Cache), false)
 9 FCPATH\index.php(67): CodeIgniter\CodeIgniter->run()
10 SYSTEMPATH\Commands\Server\rewrite.php(47): require_once('FCPATH\\index.php')
CRITICAL - 2023-01-01 00:52:11 --> Undefined variable $total_per_product
in APPPATH\Views\frontend\order\confirmation.php on line 96.
 1 APPPATH\Views\frontend\order\confirmation.php(96): CodeIgniter\Debug\Exceptions->errorHandler(2, 'Undefined variable $total_per_product', 'APPPATH\\Views\\frontend\\order\\confirmation.php', 96)
 2 SYSTEMPATH\View\View.php(213): include('APPPATH\\Views\\frontend\\order\\confirmation.php')
 3 SYSTEMPATH\View\View.php(216): CodeIgniter\View\View->CodeIgniter\View\{closure}()
 4 SYSTEMPATH\Common.php(1135): CodeIgniter\View\View->render('frontend/order/confirmation', [], true)
 5 APPPATH\Controllers\Frontend\Ordercontroller.php(44): view('frontend/order/confirmation', [...])
 6 SYSTEMPATH\CodeIgniter.php(925): App\Controllers\Frontend\Ordercontroller->confirmation()
 7 SYSTEMPATH\CodeIgniter.php(480): CodeIgniter\CodeIgniter->runController(Object(App\Controllers\Frontend\Ordercontroller))
 8 SYSTEMPATH\CodeIgniter.php(349): CodeIgniter\CodeIgniter->handleRequest(null, Object(Config\Cache), false)
 9 FCPATH\index.php(67): CodeIgniter\CodeIgniter->run()
10 SYSTEMPATH\Commands\Server\rewrite.php(47): require_once('FCPATH\\index.php')
CRITICAL - 2023-01-01 01:32:50 --> foreach() argument must be of type array|object, null given
in APPPATH\Controllers\Frontend\Cartcontroller.php on line 82.
 1 APPPATH\Controllers\Frontend\Cartcontroller.php(82): CodeIgniter\Debug\Exceptions->errorHandler(2, 'foreach() argument must be of type array|object, null given', 'APPPATH\\Controllers\\Frontend\\Cartcontroller.php', 82)
 2 SYSTEMPATH\CodeIgniter.php(925): App\Controllers\Frontend\Cartcontroller->update()
 3 SYSTEMPATH\CodeIgniter.php(480): CodeIgniter\CodeIgniter->runController(Object(App\Controllers\Frontend\Cartcontroller))
 4 SYSTEMPATH\CodeIgniter.php(349): CodeIgniter\CodeIgniter->handleRequest(null, Object(Config\Cache), false)
 5 FCPATH\index.php(67): CodeIgniter\CodeIgniter->run()
 6 SYSTEMPATH\Commands\Server\rewrite.php(47): require_once('FCPATH\\index.php')
CRITICAL - 2023-01-01 01:56:15 --> Trying to access array offset on value of type null
in APPPATH\Controllers\Frontend\Cartcontroller.php on line 88.
 1 APPPATH\Controllers\Frontend\Cartcontroller.php(88): CodeIgniter\Debug\Exceptions->errorHandler(2, 'Trying to access array offset on value of type null', 'APPPATH\\Controllers\\Frontend\\Cartcontroller.php', 88)
 2 SYSTEMPATH\CodeIgniter.php(925): App\Controllers\Frontend\Cartcontroller->update()
 3 SYSTEMPATH\CodeIgniter.php(480): CodeIgniter\CodeIgniter->runController(Object(App\Controllers\Frontend\Cartcontroller))
 4 SYSTEMPATH\CodeIgniter.php(349): CodeIgniter\CodeIgniter->handleRequest(null, Object(Config\Cache), false)
 5 FCPATH\index.php(67): CodeIgniter\CodeIgniter->run()
 6 SYSTEMPATH\Commands\Server\rewrite.php(47): require_once('FCPATH\\index.php')
CRITICAL - 2023-01-01 01:58:45 --> Trying to access array offset on value of type null
in APPPATH\Controllers\Frontend\Cartcontroller.php on line 88.
 1 APPPATH\Controllers\Frontend\Cartcontroller.php(88): CodeIgniter\Debug\Exceptions->errorHandler(2, 'Trying to access array offset on value of type null', 'APPPATH\\Controllers\\Frontend\\Cartcontroller.php', 88)
 2 SYSTEMPATH\CodeIgniter.php(925): App\Controllers\Frontend\Cartcontroller->update()
 3 SYSTEMPATH\CodeIgniter.php(480): CodeIgniter\CodeIgniter->runController(Object(App\Controllers\Frontend\Cartcontroller))
 4 SYSTEMPATH\CodeIgniter.php(349): CodeIgniter\CodeIgniter->handleRequest(null, Object(Config\Cache), false)
 5 FCPATH\index.php(67): CodeIgniter\CodeIgniter->run()
 6 SYSTEMPATH\Commands\Server\rewrite.php(47): require_once('FCPATH\\index.php')
CRITICAL - 2023-01-01 01:59:35 --> Trying to access array offset on value of type null
in APPPATH\Controllers\Frontend\Cartcontroller.php on line 88.
 1 APPPATH\Controllers\Frontend\Cartcontroller.php(88): CodeIgniter\Debug\Exceptions->errorHandler(2, 'Trying to access array offset on value of type null', 'APPPATH\\Controllers\\Frontend\\Cartcontroller.php', 88)
 2 SYSTEMPATH\CodeIgniter.php(925): App\Controllers\Frontend\Cartcontroller->update()
 3 SYSTEMPATH\CodeIgniter.php(480): CodeIgniter\CodeIgniter->runController(Object(App\Controllers\Frontend\Cartcontroller))
 4 SYSTEMPATH\CodeIgniter.php(349): CodeIgniter\CodeIgniter->handleRequest(null, Object(Config\Cache), false)
 5 FCPATH\index.php(67): CodeIgniter\CodeIgniter->run()
 6 SYSTEMPATH\Commands\Server\rewrite.php(47): require_once('FCPATH\\index.php')
CRITICAL - 2023-01-01 02:01:09 --> Trying to access array offset on value of type null
in APPPATH\Controllers\Frontend\Cartcontroller.php on line 89.
 1 APPPATH\Controllers\Frontend\Cartcontroller.php(89): CodeIgniter\Debug\Exceptions->errorHandler(2, 'Trying to access array offset on value of type null', 'APPPATH\\Controllers\\Frontend\\Cartcontroller.php', 89)
 2 SYSTEMPATH\CodeIgniter.php(925): App\Controllers\Frontend\Cartcontroller->update()
 3 SYSTEMPATH\CodeIgniter.php(480): CodeIgniter\CodeIgniter->runController(Object(App\Controllers\Frontend\Cartcontroller))
 4 SYSTEMPATH\CodeIgniter.php(349): CodeIgniter\CodeIgniter->handleRequest(null, Object(Config\Cache), false)
 5 FCPATH\index.php(67): CodeIgniter\CodeIgniter->run()
 6 SYSTEMPATH\Commands\Server\rewrite.php(47): require_once('FCPATH\\index.php')
CRITICAL - 2023-01-01 02:02:29 --> Trying to access array offset on value of type null
in APPPATH\Controllers\Frontend\Cartcontroller.php on line 89.
 1 APPPATH\Controllers\Frontend\Cartcontroller.php(89): CodeIgniter\Debug\Exceptions->errorHandler(2, 'Trying to access array offset on value of type null', 'APPPATH\\Controllers\\Frontend\\Cartcontroller.php', 89)
 2 SYSTEMPATH\CodeIgniter.php(925): App\Controllers\Frontend\Cartcontroller->update()
 3 SYSTEMPATH\CodeIgniter.php(480): CodeIgniter\CodeIgniter->runController(Object(App\Controllers\Frontend\Cartcontroller))
 4 SYSTEMPATH\CodeIgniter.php(349): CodeIgniter\CodeIgniter->handleRequest(null, Object(Config\Cache), false)
 5 FCPATH\index.php(67): CodeIgniter\CodeIgniter->run()
 6 SYSTEMPATH\Commands\Server\rewrite.php(47): require_once('FCPATH\\index.php')
CRITICAL - 2023-01-01 02:04:39 --> foreach() argument must be of type array|object, null given
in APPPATH\Controllers\Frontend\Cartcontroller.php on line 85.
 1 APPPATH\Controllers\Frontend\Cartcontroller.php(85): CodeIgniter\Debug\Exceptions->errorHandler(2, 'foreach() argument must be of type array|object, null given', 'APPPATH\\Controllers\\Frontend\\Cartcontroller.php', 85)
 2 SYSTEMPATH\CodeIgniter.php(925): App\Controllers\Frontend\Cartcontroller->update()
 3 SYSTEMPATH\CodeIgniter.php(480): CodeIgniter\CodeIgniter->runController(Object(App\Controllers\Frontend\Cartcontroller))
 4 SYSTEMPATH\CodeIgniter.php(349): CodeIgniter\CodeIgniter->handleRequest(null, Object(Config\Cache), false)
 5 FCPATH\index.php(67): CodeIgniter\CodeIgniter->run()
 6 SYSTEMPATH\Commands\Server\rewrite.php(47): require_once('FCPATH\\index.php')
CRITICAL - 2023-01-01 02:24:18 --> Invalid file: frontend/account.php
in SYSTEMPATH\Exceptions\FrameworkException.php on line 33.
 1 SYSTEMPATH\View\View.php(201): CodeIgniter\Exceptions\FrameworkException::forInvalidFile('frontend/account.php')
 2 SYSTEMPATH\Common.php(1135): CodeIgniter\View\View->render('frontend/account', [], true)
 3 APPPATH\Controllers\Frontend\Cartcontroller.php(41): view('frontend/account', [...])
 4 SYSTEMPATH\CodeIgniter.php(925): App\Controllers\Frontend\Cartcontroller->index()
 5 SYSTEMPATH\CodeIgniter.php(480): CodeIgniter\CodeIgniter->runController(Object(App\Controllers\Frontend\Cartcontroller))
 6 SYSTEMPATH\CodeIgniter.php(349): CodeIgniter\CodeIgniter->handleRequest(null, Object(Config\Cache), false)
 7 FCPATH\index.php(67): CodeIgniter\CodeIgniter->run()
 8 SYSTEMPATH\Commands\Server\rewrite.php(47): require_once('FCPATH\\index.php')
CRITICAL - 2023-01-01 05:07:24 --> view(): Argument #2 ($data) must be of type array, stdClass given, called in C:\xampp8-1-12\htdocs\nadi-diasproject\app\Controllers\Frontend\Checkoutcontroller.php on line 47
in SYSTEMPATH\Common.php on line 1121.
 1 APPPATH\Controllers\Frontend\Checkoutcontroller.php(47): view('frontend/checkout/index', Object(stdClass))
 2 SYSTEMPATH\CodeIgniter.php(925): App\Controllers\Frontend\Checkoutcontroller->index()
 3 SYSTEMPATH\CodeIgniter.php(480): CodeIgniter\CodeIgniter->runController(Object(App\Controllers\Frontend\Checkoutcontroller))
 4 SYSTEMPATH\CodeIgniter.php(349): CodeIgniter\CodeIgniter->handleRequest(null, Object(Config\Cache), false)
 5 FCPATH\index.php(67): CodeIgniter\CodeIgniter->run()
 6 SYSTEMPATH\Commands\Server\rewrite.php(47): require_once('FCPATH\\index.php')
CRITICAL - 2023-01-01 06:02:14 --> Attempt to read property "discount" on null
in APPPATH\Views\frontend\product\show.php on line 63.
 1 APPPATH\Views\frontend\product\show.php(63): CodeIgniter\Debug\Exceptions->errorHandler(2, 'Attempt to read property "discount" on null', 'APPPATH\\Views\\frontend\\product\\show.php', 63)
 2 SYSTEMPATH\View\View.php(213): include('APPPATH\\Views\\frontend\\product\\show.php')
 3 SYSTEMPATH\View\View.php(216): CodeIgniter\View\View->CodeIgniter\View\{closure}()
 4 SYSTEMPATH\Common.php(1135): CodeIgniter\View\View->render('frontend/product/show', [], true)
 5 APPPATH\Controllers\Frontend\Productcontroller.php(98): view('frontend/product/show', [...])
 6 SYSTEMPATH\CodeIgniter.php(925): App\Controllers\Frontend\Productcontroller->show('FCPATH\\assets', 'images', 'blog', 'author.jpg')
 7 SYSTEMPATH\CodeIgniter.php(480): CodeIgniter\CodeIgniter->runController(Object(App\Controllers\Frontend\Productcontroller))
 8 SYSTEMPATH\CodeIgniter.php(349): CodeIgniter\CodeIgniter->handleRequest(null, Object(Config\Cache), false)
 9 FCPATH\index.php(67): CodeIgniter\CodeIgniter->run()
10 SYSTEMPATH\Commands\Server\rewrite.php(47): require_once('FCPATH\\index.php')
CRITICAL - 2023-01-01 06:02:21 --> Attempt to read property "discount" on null
in APPPATH\Views\frontend\product\show.php on line 63.
 1 APPPATH\Views\frontend\product\show.php(63): CodeIgniter\Debug\Exceptions->errorHandler(2, 'Attempt to read property "discount" on null', 'APPPATH\\Views\\frontend\\product\\show.php', 63)
 2 SYSTEMPATH\View\View.php(213): include('APPPATH\\Views\\frontend\\product\\show.php')
 3 SYSTEMPATH\View\View.php(216): CodeIgniter\View\View->CodeIgniter\View\{closure}()
 4 SYSTEMPATH\Common.php(1135): CodeIgniter\View\View->render('frontend/product/show', [], true)
 5 APPPATH\Controllers\Frontend\Productcontroller.php(98): view('frontend/product/show', [...])
 6 SYSTEMPATH\CodeIgniter.php(925): App\Controllers\Frontend\Productcontroller->show('FCPATH\\assets', 'images', 'blog', 'author.jpg')
 7 SYSTEMPATH\CodeIgniter.php(480): CodeIgniter\CodeIgniter->runController(Object(App\Controllers\Frontend\Productcontroller))
 8 SYSTEMPATH\CodeIgniter.php(349): CodeIgniter\CodeIgniter->handleRequest(null, Object(Config\Cache), false)
 9 FCPATH\index.php(67): CodeIgniter\CodeIgniter->run()
10 SYSTEMPATH\Commands\Server\rewrite.php(47): require_once('FCPATH\\index.php')
CRITICAL - 2023-01-01 06:04:00 --> Undefined variable $related_products
in APPPATH\Views\frontend\product\show.php on line 323.
 1 APPPATH\Views\frontend\product\show.php(323): CodeIgniter\Debug\Exceptions->errorHandler(2, 'Undefined variable $related_products', 'APPPATH\\Views\\frontend\\product\\show.php', 323)
 2 SYSTEMPATH\View\View.php(213): include('APPPATH\\Views\\frontend\\product\\show.php')
 3 SYSTEMPATH\View\View.php(216): CodeIgniter\View\View->CodeIgniter\View\{closure}()
 4 SYSTEMPATH\Common.php(1135): CodeIgniter\View\View->render('frontend/product/show', [], true)
 5 APPPATH\Controllers\Frontend\Productcontroller.php(98): view('frontend/product/show', [...])
 6 SYSTEMPATH\CodeIgniter.php(925): App\Controllers\Frontend\Productcontroller->show('9a349426-842b-11ed-bfb0-b0227a7395f6')
 7 SYSTEMPATH\CodeIgniter.php(480): CodeIgniter\CodeIgniter->runController(Object(App\Controllers\Frontend\Productcontroller))
 8 SYSTEMPATH\CodeIgniter.php(349): CodeIgniter\CodeIgniter->handleRequest(null, Object(Config\Cache), false)
 9 FCPATH\index.php(67): CodeIgniter\CodeIgniter->run()
10 SYSTEMPATH\Commands\Server\rewrite.php(47): require_once('FCPATH\\index.php')
CRITICAL - 2023-01-01 06:04:41 --> Attempt to read property "discount" on null
in APPPATH\Views\frontend\product\show.php on line 63.
 1 APPPATH\Views\frontend\product\show.php(63): CodeIgniter\Debug\Exceptions->errorHandler(2, 'Attempt to read property "discount" on null', 'APPPATH\\Views\\frontend\\product\\show.php', 63)
 2 SYSTEMPATH\View\View.php(213): include('APPPATH\\Views\\frontend\\product\\show.php')
 3 SYSTEMPATH\View\View.php(216): CodeIgniter\View\View->CodeIgniter\View\{closure}()
 4 SYSTEMPATH\Common.php(1135): CodeIgniter\View\View->render('frontend/product/show', [], true)
 5 APPPATH\Controllers\Frontend\Productcontroller.php(98): view('frontend/product/show', [...])
 6 SYSTEMPATH\CodeIgniter.php(925): App\Controllers\Frontend\Productcontroller->show('FCPATH\\assets', 'images', 'blog', 'author.jpg')
 7 SYSTEMPATH\CodeIgniter.php(480): CodeIgniter\CodeIgniter->runController(Object(App\Controllers\Frontend\Productcontroller))
 8 SYSTEMPATH\CodeIgniter.php(349): CodeIgniter\CodeIgniter->handleRequest(null, Object(Config\Cache), false)
 9 FCPATH\index.php(67): CodeIgniter\CodeIgniter->run()
10 SYSTEMPATH\Commands\Server\rewrite.php(47): require_once('FCPATH\\index.php')
CRITICAL - 2023-01-01 06:07:09 --> Attempt to read property "discount" on null
in APPPATH\Views\frontend\product\show.php on line 63.
 1 APPPATH\Views\frontend\product\show.php(63): CodeIgniter\Debug\Exceptions->errorHandler(2, 'Attempt to read property "discount" on null', 'APPPATH\\Views\\frontend\\product\\show.php', 63)
 2 SYSTEMPATH\View\View.php(213): include('APPPATH\\Views\\frontend\\product\\show.php')
 3 SYSTEMPATH\View\View.php(216): CodeIgniter\View\View->CodeIgniter\View\{closure}()
 4 SYSTEMPATH\Common.php(1135): CodeIgniter\View\View->render('frontend/product/show', [], true)
 5 APPPATH\Controllers\Frontend\Productcontroller.php(98): view('frontend/product/show', [...])
 6 SYSTEMPATH\CodeIgniter.php(925): App\Controllers\Frontend\Productcontroller->show('FCPATH\\assets', 'images', 'blog', 'author.jpg')
 7 SYSTEMPATH\CodeIgniter.php(480): CodeIgniter\CodeIgniter->runController(Object(App\Controllers\Frontend\Productcontroller))
 8 SYSTEMPATH\CodeIgniter.php(349): CodeIgniter\CodeIgniter->handleRequest(null, Object(Config\Cache), false)
 9 FCPATH\index.php(67): CodeIgniter\CodeIgniter->run()
10 SYSTEMPATH\Commands\Server\rewrite.php(47): require_once('FCPATH\\index.php')
CRITICAL - 2023-01-01 06:07:33 --> Attempt to read property "discount" on null
in APPPATH\Views\frontend\product\show.php on line 63.
 1 APPPATH\Views\frontend\product\show.php(63): CodeIgniter\Debug\Exceptions->errorHandler(2, 'Attempt to read property "discount" on null', 'APPPATH\\Views\\frontend\\product\\show.php', 63)
 2 SYSTEMPATH\View\View.php(213): include('APPPATH\\Views\\frontend\\product\\show.php')
 3 SYSTEMPATH\View\View.php(216): CodeIgniter\View\View->CodeIgniter\View\{closure}()
 4 SYSTEMPATH\Common.php(1135): CodeIgniter\View\View->render('frontend/product/show', [], true)
 5 APPPATH\Controllers\Frontend\Productcontroller.php(98): view('frontend/product/show', [...])
 6 SYSTEMPATH\CodeIgniter.php(925): App\Controllers\Frontend\Productcontroller->show('FCPATH\\assets', 'images', 'blog', 'author.jpg')
 7 SYSTEMPATH\CodeIgniter.php(480): CodeIgniter\CodeIgniter->runController(Object(App\Controllers\Frontend\Productcontroller))
 8 SYSTEMPATH\CodeIgniter.php(349): CodeIgniter\CodeIgniter->handleRequest(null, Object(Config\Cache), false)
 9 FCPATH\index.php(67): CodeIgniter\CodeIgniter->run()
10 SYSTEMPATH\Commands\Server\rewrite.php(47): require_once('FCPATH\\index.php')
CRITICAL - 2023-01-01 06:07:42 --> Attempt to read property "discount" on null
in APPPATH\Views\frontend\product\show.php on line 63.
 1 APPPATH\Views\frontend\product\show.php(63): CodeIgniter\Debug\Exceptions->errorHandler(2, 'Attempt to read property "discount" on null', 'APPPATH\\Views\\frontend\\product\\show.php', 63)
 2 SYSTEMPATH\View\View.php(213): include('APPPATH\\Views\\frontend\\product\\show.php')
 3 SYSTEMPATH\View\View.php(216): CodeIgniter\View\View->CodeIgniter\View\{closure}()
 4 SYSTEMPATH\Common.php(1135): CodeIgniter\View\View->render('frontend/product/show', [], true)
 5 APPPATH\Controllers\Frontend\Productcontroller.php(98): view('frontend/product/show', [...])
 6 SYSTEMPATH\CodeIgniter.php(925): App\Controllers\Frontend\Productcontroller->show('product')
 7 SYSTEMPATH\CodeIgniter.php(480): CodeIgniter\CodeIgniter->runController(Object(App\Controllers\Frontend\Productcontroller))
 8 SYSTEMPATH\CodeIgniter.php(349): CodeIgniter\CodeIgniter->handleRequest(null, Object(Config\Cache), false)
 9 FCPATH\index.php(67): CodeIgniter\CodeIgniter->run()
10 SYSTEMPATH\Commands\Server\rewrite.php(47): require_once('FCPATH\\index.php')
CRITICAL - 2023-01-01 06:07:52 --> Attempt to read property "discount" on null
in APPPATH\Views\frontend\product\show.php on line 63.
 1 APPPATH\Views\frontend\product\show.php(63): CodeIgniter\Debug\Exceptions->errorHandler(2, 'Attempt to read property "discount" on null', 'APPPATH\\Views\\frontend\\product\\show.php', 63)
 2 SYSTEMPATH\View\View.php(213): include('APPPATH\\Views\\frontend\\product\\show.php')
 3 SYSTEMPATH\View\View.php(216): CodeIgniter\View\View->CodeIgniter\View\{closure}()
 4 SYSTEMPATH\Common.php(1135): CodeIgniter\View\View->render('frontend/product/show', [], true)
 5 APPPATH\Controllers\Frontend\Productcontroller.php(98): view('frontend/product/show', [...])
 6 SYSTEMPATH\CodeIgniter.php(925): App\Controllers\Frontend\Productcontroller->show('FCPATH\\assets', 'images', 'blog', 'author.jpg')
 7 SYSTEMPATH\CodeIgniter.php(480): CodeIgniter\CodeIgniter->runController(Object(App\Controllers\Frontend\Productcontroller))
 8 SYSTEMPATH\CodeIgniter.php(349): CodeIgniter\CodeIgniter->handleRequest(null, Object(Config\Cache), false)
 9 FCPATH\index.php(67): CodeIgniter\CodeIgniter->run()
10 SYSTEMPATH\Commands\Server\rewrite.php(47): require_once('FCPATH\\index.php')
CRITICAL - 2023-01-01 06:09:46 --> Attempt to read property "discount" on null
in APPPATH\Views\frontend\product\show.php on line 63.
 1 APPPATH\Views\frontend\product\show.php(63): CodeIgniter\Debug\Exceptions->errorHandler(2, 'Attempt to read property "discount" on null', 'APPPATH\\Views\\frontend\\product\\show.php', 63)
 2 SYSTEMPATH\View\View.php(213): include('APPPATH\\Views\\frontend\\product\\show.php')
 3 SYSTEMPATH\View\View.php(216): CodeIgniter\View\View->CodeIgniter\View\{closure}()
 4 SYSTEMPATH\Common.php(1135): CodeIgniter\View\View->render('frontend/product/show', [], true)
 5 APPPATH\Controllers\Frontend\Productcontroller.php(98): view('frontend/product/show', [...])
 6 SYSTEMPATH\CodeIgniter.php(925): App\Controllers\Frontend\Productcontroller->show('FCPATH\\assets', 'images', 'blog', 'author.jpg')
 7 SYSTEMPATH\CodeIgniter.php(480): CodeIgniter\CodeIgniter->runController(Object(App\Controllers\Frontend\Productcontroller))
 8 SYSTEMPATH\CodeIgniter.php(349): CodeIgniter\CodeIgniter->handleRequest(null, Object(Config\Cache), false)
 9 FCPATH\index.php(67): CodeIgniter\CodeIgniter->run()
10 SYSTEMPATH\Commands\Server\rewrite.php(47): require_once('FCPATH\\index.php')
CRITICAL - 2023-01-01 06:10:03 --> Attempt to read property "discount" on null
in APPPATH\Views\frontend\product\show.php on line 63.
 1 APPPATH\Views\frontend\product\show.php(63): CodeIgniter\Debug\Exceptions->errorHandler(2, 'Attempt to read property "discount" on null', 'APPPATH\\Views\\frontend\\product\\show.php', 63)
 2 SYSTEMPATH\View\View.php(213): include('APPPATH\\Views\\frontend\\product\\show.php')
 3 SYSTEMPATH\View\View.php(216): CodeIgniter\View\View->CodeIgniter\View\{closure}()
 4 SYSTEMPATH\Common.php(1135): CodeIgniter\View\View->render('frontend/product/show', [], true)
 5 APPPATH\Controllers\Frontend\Productcontroller.php(98): view('frontend/product/show', [...])
 6 SYSTEMPATH\CodeIgniter.php(925): App\Controllers\Frontend\Productcontroller->show('FCPATH\\assets', 'images', 'blog', 'author.jpg')
 7 SYSTEMPATH\CodeIgniter.php(480): CodeIgniter\CodeIgniter->runController(Object(App\Controllers\Frontend\Productcontroller))
 8 SYSTEMPATH\CodeIgniter.php(349): CodeIgniter\CodeIgniter->handleRequest(null, Object(Config\Cache), false)
 9 FCPATH\index.php(67): CodeIgniter\CodeIgniter->run()
10 SYSTEMPATH\Commands\Server\rewrite.php(47): require_once('FCPATH\\index.php')
CRITICAL - 2023-01-01 06:10:09 --> Attempt to read property "discount" on null
in APPPATH\Views\frontend\product\show.php on line 63.
 1 APPPATH\Views\frontend\product\show.php(63): CodeIgniter\Debug\Exceptions->errorHandler(2, 'Attempt to read property "discount" on null', 'APPPATH\\Views\\frontend\\product\\show.php', 63)
 2 SYSTEMPATH\View\View.php(213): include('APPPATH\\Views\\frontend\\product\\show.php')
 3 SYSTEMPATH\View\View.php(216): CodeIgniter\View\View->CodeIgniter\View\{closure}()
 4 SYSTEMPATH\Common.php(1135): CodeIgniter\View\View->render('frontend/product/show', [], true)
 5 APPPATH\Controllers\Frontend\Productcontroller.php(98): view('frontend/product/show', [...])
 6 SYSTEMPATH\CodeIgniter.php(925): App\Controllers\Frontend\Productcontroller->show('FCPATH\\assets', 'images', 'blog', 'author.jpg')
 7 SYSTEMPATH\CodeIgniter.php(480): CodeIgniter\CodeIgniter->runController(Object(App\Controllers\Frontend\Productcontroller))
 8 SYSTEMPATH\CodeIgniter.php(349): CodeIgniter\CodeIgniter->handleRequest(null, Object(Config\Cache), false)
 9 FCPATH\index.php(67): CodeIgniter\CodeIgniter->run()
10 SYSTEMPATH\Commands\Server\rewrite.php(47): require_once('FCPATH\\index.php')
CRITICAL - 2023-01-01 06:11:28 --> Attempt to read property "discount" on null
in APPPATH\Views\frontend\product\show.php on line 63.
 1 APPPATH\Views\frontend\product\show.php(63): CodeIgniter\Debug\Exceptions->errorHandler(2, 'Attempt to read property "discount" on null', 'APPPATH\\Views\\frontend\\product\\show.php', 63)
 2 SYSTEMPATH\View\View.php(213): include('APPPATH\\Views\\frontend\\product\\show.php')
 3 SYSTEMPATH\View\View.php(216): CodeIgniter\View\View->CodeIgniter\View\{closure}()
 4 SYSTEMPATH\Common.php(1135): CodeIgniter\View\View->render('frontend/product/show', [], true)
 5 APPPATH\Controllers\Frontend\Productcontroller.php(98): view('frontend/product/show', [...])
 6 SYSTEMPATH\CodeIgniter.php(925): App\Controllers\Frontend\Productcontroller->show('FCPATH\\assets', 'images', 'blog', 'author.jpg')
 7 SYSTEMPATH\CodeIgniter.php(480): CodeIgniter\CodeIgniter->runController(Object(App\Controllers\Frontend\Productcontroller))
 8 SYSTEMPATH\CodeIgniter.php(349): CodeIgniter\CodeIgniter->handleRequest(null, Object(Config\Cache), false)
 9 FCPATH\index.php(67): CodeIgniter\CodeIgniter->run()
10 SYSTEMPATH\Commands\Server\rewrite.php(47): require_once('FCPATH\\index.php')
CRITICAL - 2023-01-01 06:11:32 --> Attempt to read property "discount" on null
in APPPATH\Views\frontend\product\show.php on line 63.
 1 APPPATH\Views\frontend\product\show.php(63): CodeIgniter\Debug\Exceptions->errorHandler(2, 'Attempt to read property "discount" on null', 'APPPATH\\Views\\frontend\\product\\show.php', 63)
 2 SYSTEMPATH\View\View.php(213): include('APPPATH\\Views\\frontend\\product\\show.php')
 3 SYSTEMPATH\View\View.php(216): CodeIgniter\View\View->CodeIgniter\View\{closure}()
 4 SYSTEMPATH\Common.php(1135): CodeIgniter\View\View->render('frontend/product/show', [], true)
 5 APPPATH\Controllers\Frontend\Productcontroller.php(98): view('frontend/product/show', [...])
 6 SYSTEMPATH\CodeIgniter.php(925): App\Controllers\Frontend\Productcontroller->show('FCPATH\\assets', 'images', 'blog', 'author.jpg')
 7 SYSTEMPATH\CodeIgniter.php(480): CodeIgniter\CodeIgniter->runController(Object(App\Controllers\Frontend\Productcontroller))
 8 SYSTEMPATH\CodeIgniter.php(349): CodeIgniter\CodeIgniter->handleRequest(null, Object(Config\Cache), false)
 9 FCPATH\index.php(67): CodeIgniter\CodeIgniter->run()
10 SYSTEMPATH\Commands\Server\rewrite.php(47): require_once('FCPATH\\index.php')
CRITICAL - 2023-01-01 06:11:41 --> Attempt to read property "discount" on null
in APPPATH\Views\frontend\product\show.php on line 63.
 1 APPPATH\Views\frontend\product\show.php(63): CodeIgniter\Debug\Exceptions->errorHandler(2, 'Attempt to read property "discount" on null', 'APPPATH\\Views\\frontend\\product\\show.php', 63)
 2 SYSTEMPATH\View\View.php(213): include('APPPATH\\Views\\frontend\\product\\show.php')
 3 SYSTEMPATH\View\View.php(216): CodeIgniter\View\View->CodeIgniter\View\{closure}()
 4 SYSTEMPATH\Common.php(1135): CodeIgniter\View\View->render('frontend/product/show', [], true)
 5 APPPATH\Controllers\Frontend\Productcontroller.php(98): view('frontend/product/show', [...])
 6 SYSTEMPATH\CodeIgniter.php(925): App\Controllers\Frontend\Productcontroller->show('FCPATH\\assets', 'images', 'blog', 'author.jpg')
 7 SYSTEMPATH\CodeIgniter.php(480): CodeIgniter\CodeIgniter->runController(Object(App\Controllers\Frontend\Productcontroller))
 8 SYSTEMPATH\CodeIgniter.php(349): CodeIgniter\CodeIgniter->handleRequest(null, Object(Config\Cache), false)
 9 FCPATH\index.php(67): CodeIgniter\CodeIgniter->run()
10 SYSTEMPATH\Commands\Server\rewrite.php(47): require_once('FCPATH\\index.php')
CRITICAL - 2023-01-01 06:11:46 --> Attempt to read property "discount" on null
in APPPATH\Views\frontend\product\show.php on line 63.
 1 APPPATH\Views\frontend\product\show.php(63): CodeIgniter\Debug\Exceptions->errorHandler(2, 'Attempt to read property "discount" on null', 'APPPATH\\Views\\frontend\\product\\show.php', 63)
 2 SYSTEMPATH\View\View.php(213): include('APPPATH\\Views\\frontend\\product\\show.php')
 3 SYSTEMPATH\View\View.php(216): CodeIgniter\View\View->CodeIgniter\View\{closure}()
 4 SYSTEMPATH\Common.php(1135): CodeIgniter\View\View->render('frontend/product/show', [], true)
 5 APPPATH\Controllers\Frontend\Productcontroller.php(98): view('frontend/product/show', [...])
 6 SYSTEMPATH\CodeIgniter.php(925): App\Controllers\Frontend\Productcontroller->show('FCPATH\\assets', 'images', 'blog', 'author.jpg')
 7 SYSTEMPATH\CodeIgniter.php(480): CodeIgniter\CodeIgniter->runController(Object(App\Controllers\Frontend\Productcontroller))
 8 SYSTEMPATH\CodeIgniter.php(349): CodeIgniter\CodeIgniter->handleRequest(null, Object(Config\Cache), false)
 9 FCPATH\index.php(67): CodeIgniter\CodeIgniter->run()
10 SYSTEMPATH\Commands\Server\rewrite.php(47): require_once('FCPATH\\index.php')
CRITICAL - 2023-01-01 06:12:16 --> Attempt to read property "discount" on null
in APPPATH\Views\frontend\product\show.php on line 63.
 1 APPPATH\Views\frontend\product\show.php(63): CodeIgniter\Debug\Exceptions->errorHandler(2, 'Attempt to read property "discount" on null', 'APPPATH\\Views\\frontend\\product\\show.php', 63)
 2 SYSTEMPATH\View\View.php(213): include('APPPATH\\Views\\frontend\\product\\show.php')
 3 SYSTEMPATH\View\View.php(216): CodeIgniter\View\View->CodeIgniter\View\{closure}()
 4 SYSTEMPATH\Common.php(1135): CodeIgniter\View\View->render('frontend/product/show', [], true)
 5 APPPATH\Controllers\Frontend\Productcontroller.php(98): view('frontend/product/show', [...])
 6 SYSTEMPATH\CodeIgniter.php(925): App\Controllers\Frontend\Productcontroller->show('FCPATH\\assets', 'images', 'blog', 'author.jpg')
 7 SYSTEMPATH\CodeIgniter.php(480): CodeIgniter\CodeIgniter->runController(Object(App\Controllers\Frontend\Productcontroller))
 8 SYSTEMPATH\CodeIgniter.php(349): CodeIgniter\CodeIgniter->handleRequest(null, Object(Config\Cache), false)
 9 FCPATH\index.php(67): CodeIgniter\CodeIgniter->run()
10 SYSTEMPATH\Commands\Server\rewrite.php(47): require_once('FCPATH\\index.php')
CRITICAL - 2023-01-01 06:13:25 --> Attempt to read property "discount" on null
in APPPATH\Views\frontend\product\show.php on line 63.
 1 APPPATH\Views\frontend\product\show.php(63): CodeIgniter\Debug\Exceptions->errorHandler(2, 'Attempt to read property "discount" on null', 'APPPATH\\Views\\frontend\\product\\show.php', 63)
 2 SYSTEMPATH\View\View.php(213): include('APPPATH\\Views\\frontend\\product\\show.php')
 3 SYSTEMPATH\View\View.php(216): CodeIgniter\View\View->CodeIgniter\View\{closure}()
 4 SYSTEMPATH\Common.php(1135): CodeIgniter\View\View->render('frontend/product/show', [], true)
 5 APPPATH\Controllers\Frontend\Productcontroller.php(98): view('frontend/product/show', [...])
 6 SYSTEMPATH\CodeIgniter.php(925): App\Controllers\Frontend\Productcontroller->show('FCPATH\\assets', 'images', 'blog', 'author.jpg')
 7 SYSTEMPATH\CodeIgniter.php(480): CodeIgniter\CodeIgniter->runController(Object(App\Controllers\Frontend\Productcontroller))
 8 SYSTEMPATH\CodeIgniter.php(349): CodeIgniter\CodeIgniter->handleRequest(null, Object(Config\Cache), false)
 9 FCPATH\index.php(67): CodeIgniter\CodeIgniter->run()
10 SYSTEMPATH\Commands\Server\rewrite.php(47): require_once('FCPATH\\index.php')
CRITICAL - 2023-01-01 06:14:08 --> Attempt to read property "discount" on null
in APPPATH\Views\frontend\product\show.php on line 63.
 1 APPPATH\Views\frontend\product\show.php(63): CodeIgniter\Debug\Exceptions->errorHandler(2, 'Attempt to read property "discount" on null', 'APPPATH\\Views\\frontend\\product\\show.php', 63)
 2 SYSTEMPATH\View\View.php(213): include('APPPATH\\Views\\frontend\\product\\show.php')
 3 SYSTEMPATH\View\View.php(216): CodeIgniter\View\View->CodeIgniter\View\{closure}()
 4 SYSTEMPATH\Common.php(1135): CodeIgniter\View\View->render('frontend/product/show', [], true)
 5 APPPATH\Controllers\Frontend\Productcontroller.php(98): view('frontend/product/show', [...])
 6 SYSTEMPATH\CodeIgniter.php(925): App\Controllers\Frontend\Productcontroller->show('FCPATH\\assets', 'images', 'blog', 'author.jpg')
 7 SYSTEMPATH\CodeIgniter.php(480): CodeIgniter\CodeIgniter->runController(Object(App\Controllers\Frontend\Productcontroller))
 8 SYSTEMPATH\CodeIgniter.php(349): CodeIgniter\CodeIgniter->handleRequest(null, Object(Config\Cache), false)
 9 FCPATH\index.php(67): CodeIgniter\CodeIgniter->run()
10 SYSTEMPATH\Commands\Server\rewrite.php(47): require_once('FCPATH\\index.php')
CRITICAL - 2023-01-01 06:14:56 --> Attempt to read property "discount" on null
in APPPATH\Views\frontend\product\show.php on line 63.
 1 APPPATH\Views\frontend\product\show.php(63): CodeIgniter\Debug\Exceptions->errorHandler(2, 'Attempt to read property "discount" on null', 'APPPATH\\Views\\frontend\\product\\show.php', 63)
 2 SYSTEMPATH\View\View.php(213): include('APPPATH\\Views\\frontend\\product\\show.php')
 3 SYSTEMPATH\View\View.php(216): CodeIgniter\View\View->CodeIgniter\View\{closure}()
 4 SYSTEMPATH\Common.php(1135): CodeIgniter\View\View->render('frontend/product/show', [], true)
 5 APPPATH\Controllers\Frontend\Productcontroller.php(98): view('frontend/product/show', [...])
 6 SYSTEMPATH\CodeIgniter.php(925): App\Controllers\Frontend\Productcontroller->show('FCPATH\\assets', 'images', 'blog', 'author.jpg')
 7 SYSTEMPATH\CodeIgniter.php(480): CodeIgniter\CodeIgniter->runController(Object(App\Controllers\Frontend\Productcontroller))
 8 SYSTEMPATH\CodeIgniter.php(349): CodeIgniter\CodeIgniter->handleRequest(null, Object(Config\Cache), false)
 9 FCPATH\index.php(67): CodeIgniter\CodeIgniter->run()
10 SYSTEMPATH\Commands\Server\rewrite.php(47): require_once('FCPATH\\index.php')
CRITICAL - 2023-01-01 06:19:44 --> Attempt to read property "discount" on null
in APPPATH\Views\frontend\product\show.php on line 63.
 1 APPPATH\Views\frontend\product\show.php(63): CodeIgniter\Debug\Exceptions->errorHandler(2, 'Attempt to read property "discount" on null', 'APPPATH\\Views\\frontend\\product\\show.php', 63)
 2 SYSTEMPATH\View\View.php(213): include('APPPATH\\Views\\frontend\\product\\show.php')
 3 SYSTEMPATH\View\View.php(216): CodeIgniter\View\View->CodeIgniter\View\{closure}()
 4 SYSTEMPATH\Common.php(1135): CodeIgniter\View\View->render('frontend/product/show', [], true)
 5 APPPATH\Controllers\Frontend\Productcontroller.php(98): view('frontend/product/show', [...])
 6 SYSTEMPATH\CodeIgniter.php(925): App\Controllers\Frontend\Productcontroller->show('undefined')
 7 SYSTEMPATH\CodeIgniter.php(480): CodeIgniter\CodeIgniter->runController(Object(App\Controllers\Frontend\Productcontroller))
 8 SYSTEMPATH\CodeIgniter.php(349): CodeIgniter\CodeIgniter->handleRequest(null, Object(Config\Cache), false)
 9 FCPATH\index.php(67): CodeIgniter\CodeIgniter->run()
10 SYSTEMPATH\Commands\Server\rewrite.php(47): require_once('FCPATH\\index.php')
CRITICAL - 2023-01-01 07:36:24 --> Undefined variable $products
in APPPATH\Views\extranet\order\index.php on line 53.
 1 APPPATH\Views\extranet\order\index.php(53): CodeIgniter\Debug\Exceptions->errorHandler(2, 'Undefined variable $products', 'APPPATH\\Views\\extranet\\order\\index.php', 53)
 2 SYSTEMPATH\View\View.php(213): include('APPPATH\\Views\\extranet\\order\\index.php')
 3 SYSTEMPATH\View\View.php(216): CodeIgniter\View\View->CodeIgniter\View\{closure}()
 4 SYSTEMPATH\Common.php(1135): CodeIgniter\View\View->render('extranet/order/index', [], true)
 5 APPPATH\Controllers\Extranet\Ordercontroller.php(13): view('extranet/order/index', [...])
 6 SYSTEMPATH\CodeIgniter.php(925): App\Controllers\Extranet\Ordercontroller->index()
 7 SYSTEMPATH\CodeIgniter.php(480): CodeIgniter\CodeIgniter->runController(Object(App\Controllers\Extranet\Ordercontroller))
 8 SYSTEMPATH\CodeIgniter.php(349): CodeIgniter\CodeIgniter->handleRequest(null, Object(Config\Cache), false)
 9 FCPATH\index.php(67): CodeIgniter\CodeIgniter->run()
10 SYSTEMPATH\Commands\Server\rewrite.php(47): require_once('FCPATH\\index.php')
CRITICAL - 2023-01-01 07:36:43 --> Undefined property: stdClass::$sku
in APPPATH\Views\extranet\order\index.php on line 57.
 1 APPPATH\Views\extranet\order\index.php(57): CodeIgniter\Debug\Exceptions->errorHandler(2, 'Undefined property: stdClass::$sku', 'APPPATH\\Views\\extranet\\order\\index.php', 57)
 2 SYSTEMPATH\View\View.php(213): include('APPPATH\\Views\\extranet\\order\\index.php')
 3 SYSTEMPATH\View\View.php(216): CodeIgniter\View\View->CodeIgniter\View\{closure}()
 4 SYSTEMPATH\Common.php(1135): CodeIgniter\View\View->render('extranet/order/index', [], true)
 5 APPPATH\Controllers\Extranet\Ordercontroller.php(13): view('extranet/order/index', [...])
 6 SYSTEMPATH\CodeIgniter.php(925): App\Controllers\Extranet\Ordercontroller->index()
 7 SYSTEMPATH\CodeIgniter.php(480): CodeIgniter\CodeIgniter->runController(Object(App\Controllers\Extranet\Ordercontroller))
 8 SYSTEMPATH\CodeIgniter.php(349): CodeIgniter\CodeIgniter->handleRequest(null, Object(Config\Cache), false)
 9 FCPATH\index.php(67): CodeIgniter\CodeIgniter->run()
10 SYSTEMPATH\Commands\Server\rewrite.php(47): require_once('FCPATH\\index.php')
CRITICAL - 2023-01-01 07:39:56 --> Attempt to read property "id" on null
in APPPATH\Views\extranet\product\edit.php on line 34.
 1 APPPATH\Views\extranet\product\edit.php(34): CodeIgniter\Debug\Exceptions->errorHandler(2, 'Attempt to read property "id" on null', 'APPPATH\\Views\\extranet\\product\\edit.php', 34)
 2 SYSTEMPATH\View\View.php(213): include('APPPATH\\Views\\extranet\\product\\edit.php')
 3 SYSTEMPATH\View\View.php(216): CodeIgniter\View\View->CodeIgniter\View\{closure}()
 4 SYSTEMPATH\Common.php(1135): CodeIgniter\View\View->render('extranet/product/edit', [], true)
 5 APPPATH\Controllers\Extranet\Productcontroller.php(141): view('extranet/product/edit', [...])
 6 SYSTEMPATH\CodeIgniter.php(925): App\Controllers\Extranet\Productcontroller->edit('328c9490-89ca-11ed-829c-b0227a7395f6')
 7 SYSTEMPATH\CodeIgniter.php(480): CodeIgniter\CodeIgniter->runController(Object(App\Controllers\Extranet\Productcontroller))
 8 SYSTEMPATH\CodeIgniter.php(349): CodeIgniter\CodeIgniter->handleRequest(null, Object(Config\Cache), false)
 9 FCPATH\index.php(67): CodeIgniter\CodeIgniter->run()
10 SYSTEMPATH\Commands\Server\rewrite.php(47): require_once('FCPATH\\index.php')
CRITICAL - 2023-01-01 07:40:33 --> Attempt to read property "id" on null
in APPPATH\Views\extranet\product\edit.php on line 34.
 1 APPPATH\Views\extranet\product\edit.php(34): CodeIgniter\Debug\Exceptions->errorHandler(2, 'Attempt to read property "id" on null', 'APPPATH\\Views\\extranet\\product\\edit.php', 34)
 2 SYSTEMPATH\View\View.php(213): include('APPPATH\\Views\\extranet\\product\\edit.php')
 3 SYSTEMPATH\View\View.php(216): CodeIgniter\View\View->CodeIgniter\View\{closure}()
 4 SYSTEMPATH\Common.php(1135): CodeIgniter\View\View->render('extranet/product/edit', [], true)
 5 APPPATH\Controllers\Extranet\Productcontroller.php(141): view('extranet/product/edit', [...])
 6 SYSTEMPATH\CodeIgniter.php(925): App\Controllers\Extranet\Productcontroller->edit('328c9490-89ca-11ed-829c-b0227a7395f6')
 7 SYSTEMPATH\CodeIgniter.php(480): CodeIgniter\CodeIgniter->runController(Object(App\Controllers\Extranet\Productcontroller))
 8 SYSTEMPATH\CodeIgniter.php(349): CodeIgniter\CodeIgniter->handleRequest(null, Object(Config\Cache), false)
 9 FCPATH\index.php(67): CodeIgniter\CodeIgniter->run()
10 SYSTEMPATH\Commands\Server\rewrite.php(47): require_once('FCPATH\\index.php')
CRITICAL - 2023-01-01 07:40:38 --> Attempt to read property "id" on null
in APPPATH\Views\extranet\product\edit.php on line 34.
 1 APPPATH\Views\extranet\product\edit.php(34): CodeIgniter\Debug\Exceptions->errorHandler(2, 'Attempt to read property "id" on null', 'APPPATH\\Views\\extranet\\product\\edit.php', 34)
 2 SYSTEMPATH\View\View.php(213): include('APPPATH\\Views\\extranet\\product\\edit.php')
 3 SYSTEMPATH\View\View.php(216): CodeIgniter\View\View->CodeIgniter\View\{closure}()
 4 SYSTEMPATH\Common.php(1135): CodeIgniter\View\View->render('extranet/product/edit', [], true)
 5 APPPATH\Controllers\Extranet\Productcontroller.php(141): view('extranet/product/edit', [...])
 6 SYSTEMPATH\CodeIgniter.php(925): App\Controllers\Extranet\Productcontroller->edit('328c9490-89ca-11ed-829c-b0227a7395f6')
 7 SYSTEMPATH\CodeIgniter.php(480): CodeIgniter\CodeIgniter->runController(Object(App\Controllers\Extranet\Productcontroller))
 8 SYSTEMPATH\CodeIgniter.php(349): CodeIgniter\CodeIgniter->handleRequest(null, Object(Config\Cache), false)
 9 FCPATH\index.php(67): CodeIgniter\CodeIgniter->run()
10 SYSTEMPATH\Commands\Server\rewrite.php(47): require_once('FCPATH\\index.php')
CRITICAL - 2023-01-01 08:02:44 --> Attempt to read property "category_name" on null
in APPPATH\Views\extranet\product\show.php on line 37.
 1 APPPATH\Views\extranet\product\show.php(37): CodeIgniter\Debug\Exceptions->errorHandler(2, 'Attempt to read property "category_name" on null', 'APPPATH\\Views\\extranet\\product\\show.php', 37)
 2 SYSTEMPATH\View\View.php(213): include('APPPATH\\Views\\extranet\\product\\show.php')
 3 SYSTEMPATH\View\View.php(216): CodeIgniter\View\View->CodeIgniter\View\{closure}()
 4 SYSTEMPATH\Common.php(1135): CodeIgniter\View\View->render('extranet/product/show', [], true)
 5 APPPATH\Controllers\Extranet\Productcontroller.php(105): view('extranet/product/show', [...])
 6 SYSTEMPATH\CodeIgniter.php(925): App\Controllers\Extranet\Productcontroller->show('328c9490-89ca-11ed-829c-b0227a7395f6')
 7 SYSTEMPATH\CodeIgniter.php(480): CodeIgniter\CodeIgniter->runController(Object(App\Controllers\Extranet\Productcontroller))
 8 SYSTEMPATH\CodeIgniter.php(349): CodeIgniter\CodeIgniter->handleRequest(null, Object(Config\Cache), false)
 9 FCPATH\index.php(67): CodeIgniter\CodeIgniter->run()
10 SYSTEMPATH\Commands\Server\rewrite.php(47): require_once('FCPATH\\index.php')
