CRITICAL - 2022-12-28 01:54:35 --> Undefined variable $social_medias
in APPPATH\Views\frontend\components\header.php on line 31.
 1 APPPATH\Views\frontend\components\header.php(31): CodeIgniter\Debug\Exceptions->errorHandler(2, 'Undefined variable $social_medias', 'APPPATH\\Views\\frontend\\components\\header.php', 31)
 2 SYSTEMPATH\View\View.php(213): include('APPPATH\\Views\\frontend\\components\\header.php')
 3 SYSTEMPATH\View\View.php(216): CodeIgniter\View\View->CodeIgniter\View\{closure}()
 4 SYSTEMPATH\View\View.php(431): CodeIgniter\View\View->render('frontend/components/header', null, true)
 5 APPPATH\Views\frontend\account\index.php(52): CodeIgniter\View\View->include('frontend/components/header')
 6 SYSTEMPATH\View\View.php(213): include('APPPATH\\Views\\frontend\\account\\index.php')
 7 SYSTEMPATH\View\View.php(216): CodeIgniter\View\View->CodeIgniter\View\{closure}()
 8 SYSTEMPATH\Common.php(1135): CodeIgniter\View\View->render('frontend/account/index', [], true)
 9 APPPATH\Controllers\Frontend\Accountcontroller.php(20): view('frontend/account/index', [...])
10 SYSTEMPATH\CodeIgniter.php(925): App\Controllers\Frontend\Accountcontroller->index()
11 SYSTEMPATH\CodeIgniter.php(480): CodeIgniter\CodeIgniter->runController(Object(App\Controllers\Frontend\Accountcontroller))
12 SYSTEMPATH\CodeIgniter.php(349): CodeIgniter\CodeIgniter->handleRequest(null, Object(Config\Cache), false)
13 FCPATH\index.php(67): CodeIgniter\CodeIgniter->run()
14 SYSTEMPATH\Commands\Server\rewrite.php(47): require_once('FCPATH\\index.php')
CRITICAL - 2022-12-28 01:54:58 --> Undefined variable $social_medias
in APPPATH\Views\frontend\components\header.php on line 31.
 1 APPPATH\Views\frontend\components\header.php(31): CodeIgniter\Debug\Exceptions->errorHandler(2, 'Undefined variable $social_medias', 'APPPATH\\Views\\frontend\\components\\header.php', 31)
 2 SYSTEMPATH\View\View.php(213): include('APPPATH\\Views\\frontend\\components\\header.php')
 3 SYSTEMPATH\View\View.php(216): CodeIgniter\View\View->CodeIgniter\View\{closure}()
 4 SYSTEMPATH\View\View.php(431): CodeIgniter\View\View->render('frontend/components/header', null, true)
 5 APPPATH\Views\frontend\account\index.php(52): CodeIgniter\View\View->include('frontend/components/header')
 6 SYSTEMPATH\View\View.php(213): include('APPPATH\\Views\\frontend\\account\\index.php')
 7 SYSTEMPATH\View\View.php(216): CodeIgniter\View\View->CodeIgniter\View\{closure}()
 8 SYSTEMPATH\Common.php(1135): CodeIgniter\View\View->render('frontend/account/index', [], true)
 9 APPPATH\Controllers\Frontend\Accountcontroller.php(20): view('frontend/account/index', [...])
10 SYSTEMPATH\CodeIgniter.php(925): App\Controllers\Frontend\Accountcontroller->index()
11 SYSTEMPATH\CodeIgniter.php(480): CodeIgniter\CodeIgniter->runController(Object(App\Controllers\Frontend\Accountcontroller))
12 SYSTEMPATH\CodeIgniter.php(349): CodeIgniter\CodeIgniter->handleRequest(null, Object(Config\Cache), false)
13 FCPATH\index.php(67): CodeIgniter\CodeIgniter->run()
14 SYSTEMPATH\Commands\Server\rewrite.php(47): require_once('FCPATH\\index.php')
