CRITICAL - 2022-12-27 06:48:46 --> Undefined variable $configuration
in APPPATH\Views\extranet\configuration\index.php on line 37.
 1 APPPATH\Views\extranet\configuration\index.php(37): CodeIgniter\Debug\Exceptions->errorHandler(2, 'Undefined variable $configuration', 'APPPATH\\Views\\extranet\\configuration\\index.php', 37)
 2 SYSTEMPATH\View\View.php(213): include('APPPATH\\Views\\extranet\\configuration\\index.php')
 3 SYSTEMPATH\View\View.php(216): CodeIgniter\View\View->CodeIgniter\View\{closure}()
 4 SYSTEMPATH\Common.php(1135): CodeIgniter\View\View->render('extranet/configuration/index', [], true)
 5 APPPATH\Controllers\Extranet\Configurationcontroller.php(13): view('extranet/configuration/index')
 6 SYSTEMPATH\CodeIgniter.php(925): App\Controllers\Extranet\Configurationcontroller->index()
 7 SYSTEMPATH\CodeIgniter.php(480): CodeIgniter\CodeIgniter->runController(Object(App\Controllers\Extranet\Configurationcontroller))
 8 SYSTEMPATH\CodeIgniter.php(349): CodeIgniter\CodeIgniter->handleRequest(null, Object(Config\Cache), false)
 9 FCPATH\index.php(67): CodeIgniter\CodeIgniter->run()
10 SYSTEMPATH\Commands\Server\rewrite.php(47): require_once('FCPATH\\index.php')
CRITICAL - 2022-12-27 06:49:03 --> Attempt to read property "title" on array
in APPPATH\Views\extranet\configuration\index.php on line 37.
 1 APPPATH\Views\extranet\configuration\index.php(37): CodeIgniter\Debug\Exceptions->errorHandler(2, 'Attempt to read property "title" on array', 'APPPATH\\Views\\extranet\\configuration\\index.php', 37)
 2 SYSTEMPATH\View\View.php(213): include('APPPATH\\Views\\extranet\\configuration\\index.php')
 3 SYSTEMPATH\View\View.php(216): CodeIgniter\View\View->CodeIgniter\View\{closure}()
 4 SYSTEMPATH\Common.php(1135): CodeIgniter\View\View->render('extranet/configuration/index', [], true)
 5 APPPATH\Controllers\Extranet\Configurationcontroller.php(13): view('extranet/configuration/index', [...])
 6 SYSTEMPATH\CodeIgniter.php(925): App\Controllers\Extranet\Configurationcontroller->index()
 7 SYSTEMPATH\CodeIgniter.php(480): CodeIgniter\CodeIgniter->runController(Object(App\Controllers\Extranet\Configurationcontroller))
 8 SYSTEMPATH\CodeIgniter.php(349): CodeIgniter\CodeIgniter->handleRequest(null, Object(Config\Cache), false)
 9 FCPATH\index.php(67): CodeIgniter\CodeIgniter->run()
10 SYSTEMPATH\Commands\Server\rewrite.php(47): require_once('FCPATH\\index.php')
CRITICAL - 2022-12-27 06:49:26 --> Attempt to read property "title" on array
in APPPATH\Views\extranet\configuration\index.php on line 37.
 1 APPPATH\Views\extranet\configuration\index.php(37): CodeIgniter\Debug\Exceptions->errorHandler(2, 'Attempt to read property "title" on array', 'APPPATH\\Views\\extranet\\configuration\\index.php', 37)
 2 SYSTEMPATH\View\View.php(213): include('APPPATH\\Views\\extranet\\configuration\\index.php')
 3 SYSTEMPATH\View\View.php(216): CodeIgniter\View\View->CodeIgniter\View\{closure}()
 4 SYSTEMPATH\Common.php(1135): CodeIgniter\View\View->render('extranet/configuration/index', [], true)
 5 APPPATH\Controllers\Extranet\Configurationcontroller.php(13): view('extranet/configuration/index', [...])
 6 SYSTEMPATH\CodeIgniter.php(925): App\Controllers\Extranet\Configurationcontroller->index()
 7 SYSTEMPATH\CodeIgniter.php(480): CodeIgniter\CodeIgniter->runController(Object(App\Controllers\Extranet\Configurationcontroller))
 8 SYSTEMPATH\CodeIgniter.php(349): CodeIgniter\CodeIgniter->handleRequest(null, Object(Config\Cache), false)
 9 FCPATH\index.php(67): CodeIgniter\CodeIgniter->run()
10 SYSTEMPATH\Commands\Server\rewrite.php(47): require_once('FCPATH\\index.php')
CRITICAL - 2022-12-27 06:49:29 --> Attempt to read property "title" on array
in APPPATH\Views\extranet\configuration\index.php on line 37.
 1 APPPATH\Views\extranet\configuration\index.php(37): CodeIgniter\Debug\Exceptions->errorHandler(2, 'Attempt to read property "title" on array', 'APPPATH\\Views\\extranet\\configuration\\index.php', 37)
 2 SYSTEMPATH\View\View.php(213): include('APPPATH\\Views\\extranet\\configuration\\index.php')
 3 SYSTEMPATH\View\View.php(216): CodeIgniter\View\View->CodeIgniter\View\{closure}()
 4 SYSTEMPATH\Common.php(1135): CodeIgniter\View\View->render('extranet/configuration/index', [], true)
 5 APPPATH\Controllers\Extranet\Configurationcontroller.php(13): view('extranet/configuration/index', [...])
 6 SYSTEMPATH\CodeIgniter.php(925): App\Controllers\Extranet\Configurationcontroller->index()
 7 SYSTEMPATH\CodeIgniter.php(480): CodeIgniter\CodeIgniter->runController(Object(App\Controllers\Extranet\Configurationcontroller))
 8 SYSTEMPATH\CodeIgniter.php(349): CodeIgniter\CodeIgniter->handleRequest(null, Object(Config\Cache), false)
 9 FCPATH\index.php(67): CodeIgniter\CodeIgniter->run()
10 SYSTEMPATH\Commands\Server\rewrite.php(47): require_once('FCPATH\\index.php')
CRITICAL - 2022-12-27 06:49:30 --> Attempt to read property "title" on array
in APPPATH\Views\extranet\configuration\index.php on line 37.
 1 APPPATH\Views\extranet\configuration\index.php(37): CodeIgniter\Debug\Exceptions->errorHandler(2, 'Attempt to read property "title" on array', 'APPPATH\\Views\\extranet\\configuration\\index.php', 37)
 2 SYSTEMPATH\View\View.php(213): include('APPPATH\\Views\\extranet\\configuration\\index.php')
 3 SYSTEMPATH\View\View.php(216): CodeIgniter\View\View->CodeIgniter\View\{closure}()
 4 SYSTEMPATH\Common.php(1135): CodeIgniter\View\View->render('extranet/configuration/index', [], true)
 5 APPPATH\Controllers\Extranet\Configurationcontroller.php(13): view('extranet/configuration/index', [...])
 6 SYSTEMPATH\CodeIgniter.php(925): App\Controllers\Extranet\Configurationcontroller->index()
 7 SYSTEMPATH\CodeIgniter.php(480): CodeIgniter\CodeIgniter->runController(Object(App\Controllers\Extranet\Configurationcontroller))
 8 SYSTEMPATH\CodeIgniter.php(349): CodeIgniter\CodeIgniter->handleRequest(null, Object(Config\Cache), false)
 9 FCPATH\index.php(67): CodeIgniter\CodeIgniter->run()
10 SYSTEMPATH\Commands\Server\rewrite.php(47): require_once('FCPATH\\index.php')
CRITICAL - 2022-12-27 06:49:30 --> Attempt to read property "title" on array
in APPPATH\Views\extranet\configuration\index.php on line 37.
 1 APPPATH\Views\extranet\configuration\index.php(37): CodeIgniter\Debug\Exceptions->errorHandler(2, 'Attempt to read property "title" on array', 'APPPATH\\Views\\extranet\\configuration\\index.php', 37)
 2 SYSTEMPATH\View\View.php(213): include('APPPATH\\Views\\extranet\\configuration\\index.php')
 3 SYSTEMPATH\View\View.php(216): CodeIgniter\View\View->CodeIgniter\View\{closure}()
 4 SYSTEMPATH\Common.php(1135): CodeIgniter\View\View->render('extranet/configuration/index', [], true)
 5 APPPATH\Controllers\Extranet\Configurationcontroller.php(13): view('extranet/configuration/index', [...])
 6 SYSTEMPATH\CodeIgniter.php(925): App\Controllers\Extranet\Configurationcontroller->index()
 7 SYSTEMPATH\CodeIgniter.php(480): CodeIgniter\CodeIgniter->runController(Object(App\Controllers\Extranet\Configurationcontroller))
 8 SYSTEMPATH\CodeIgniter.php(349): CodeIgniter\CodeIgniter->handleRequest(null, Object(Config\Cache), false)
 9 FCPATH\index.php(67): CodeIgniter\CodeIgniter->run()
10 SYSTEMPATH\Commands\Server\rewrite.php(47): require_once('FCPATH\\index.php')
CRITICAL - 2022-12-27 06:49:31 --> Attempt to read property "title" on array
in APPPATH\Views\extranet\configuration\index.php on line 37.
 1 APPPATH\Views\extranet\configuration\index.php(37): CodeIgniter\Debug\Exceptions->errorHandler(2, 'Attempt to read property "title" on array', 'APPPATH\\Views\\extranet\\configuration\\index.php', 37)
 2 SYSTEMPATH\View\View.php(213): include('APPPATH\\Views\\extranet\\configuration\\index.php')
 3 SYSTEMPATH\View\View.php(216): CodeIgniter\View\View->CodeIgniter\View\{closure}()
 4 SYSTEMPATH\Common.php(1135): CodeIgniter\View\View->render('extranet/configuration/index', [], true)
 5 APPPATH\Controllers\Extranet\Configurationcontroller.php(13): view('extranet/configuration/index', [...])
 6 SYSTEMPATH\CodeIgniter.php(925): App\Controllers\Extranet\Configurationcontroller->index()
 7 SYSTEMPATH\CodeIgniter.php(480): CodeIgniter\CodeIgniter->runController(Object(App\Controllers\Extranet\Configurationcontroller))
 8 SYSTEMPATH\CodeIgniter.php(349): CodeIgniter\CodeIgniter->handleRequest(null, Object(Config\Cache), false)
 9 FCPATH\index.php(67): CodeIgniter\CodeIgniter->run()
10 SYSTEMPATH\Commands\Server\rewrite.php(47): require_once('FCPATH\\index.php')
CRITICAL - 2022-12-27 06:58:37 --> Attempt to read property "keywords" on array
in APPPATH\Views\extranet\configuration\index.php on line 41.
 1 APPPATH\Views\extranet\configuration\index.php(41): CodeIgniter\Debug\Exceptions->errorHandler(2, 'Attempt to read property "keywords" on array', 'APPPATH\\Views\\extranet\\configuration\\index.php', 41)
 2 SYSTEMPATH\View\View.php(213): include('APPPATH\\Views\\extranet\\configuration\\index.php')
 3 SYSTEMPATH\View\View.php(216): CodeIgniter\View\View->CodeIgniter\View\{closure}()
 4 SYSTEMPATH\Common.php(1135): CodeIgniter\View\View->render('extranet/configuration/index', [], true)
 5 APPPATH\Controllers\Extranet\Configurationcontroller.php(13): view('extranet/configuration/index', [...])
 6 SYSTEMPATH\CodeIgniter.php(925): App\Controllers\Extranet\Configurationcontroller->index()
 7 SYSTEMPATH\CodeIgniter.php(480): CodeIgniter\CodeIgniter->runController(Object(App\Controllers\Extranet\Configurationcontroller))
 8 SYSTEMPATH\CodeIgniter.php(349): CodeIgniter\CodeIgniter->handleRequest(null, Object(Config\Cache), false)
 9 FCPATH\index.php(67): CodeIgniter\CodeIgniter->run()
10 SYSTEMPATH\Commands\Server\rewrite.php(47): require_once('FCPATH\\index.php')
CRITICAL - 2022-12-27 06:59:28 --> Cannot use object of type stdClass as array
in APPPATH\Views\extranet\configuration\index.php on line 37.
 1 SYSTEMPATH\View\View.php(213): include()
 2 SYSTEMPATH\View\View.php(216): CodeIgniter\View\View->CodeIgniter\View\{closure}()
 3 SYSTEMPATH\Common.php(1135): CodeIgniter\View\View->render('extranet/configuration/index', [], true)
 4 APPPATH\Controllers\Extranet\Configurationcontroller.php(13): view('extranet/configuration/index', [...])
 5 SYSTEMPATH\CodeIgniter.php(925): App\Controllers\Extranet\Configurationcontroller->index()
 6 SYSTEMPATH\CodeIgniter.php(480): CodeIgniter\CodeIgniter->runController(Object(App\Controllers\Extranet\Configurationcontroller))
 7 SYSTEMPATH\CodeIgniter.php(349): CodeIgniter\CodeIgniter->handleRequest(null, Object(Config\Cache), false)
 8 FCPATH\index.php(67): CodeIgniter\CodeIgniter->run()
 9 SYSTEMPATH\Commands\Server\rewrite.php(47): require_once('FCPATH\\index.php')
CRITICAL - 2022-12-27 06:59:45 --> Undefined property: stdClass::$working_day
in APPPATH\Views\extranet\configuration\index.php on line 82.
 1 APPPATH\Views\extranet\configuration\index.php(82): CodeIgniter\Debug\Exceptions->errorHandler(2, 'Undefined property: stdClass::$working_day', 'APPPATH\\Views\\extranet\\configuration\\index.php', 82)
 2 SYSTEMPATH\View\View.php(213): include('APPPATH\\Views\\extranet\\configuration\\index.php')
 3 SYSTEMPATH\View\View.php(216): CodeIgniter\View\View->CodeIgniter\View\{closure}()
 4 SYSTEMPATH\Common.php(1135): CodeIgniter\View\View->render('extranet/configuration/index', [], true)
 5 APPPATH\Controllers\Extranet\Configurationcontroller.php(13): view('extranet/configuration/index', [...])
 6 SYSTEMPATH\CodeIgniter.php(925): App\Controllers\Extranet\Configurationcontroller->index()
 7 SYSTEMPATH\CodeIgniter.php(480): CodeIgniter\CodeIgniter->runController(Object(App\Controllers\Extranet\Configurationcontroller))
 8 SYSTEMPATH\CodeIgniter.php(349): CodeIgniter\CodeIgniter->handleRequest(null, Object(Config\Cache), false)
 9 FCPATH\index.php(67): CodeIgniter\CodeIgniter->run()
10 SYSTEMPATH\Commands\Server\rewrite.php(47): require_once('FCPATH\\index.php')
CRITICAL - 2022-12-27 07:00:43 --> Undefined property: stdClass::$keywords
in APPPATH\Views\extranet\configuration\index.php on line 41.
 1 APPPATH\Views\extranet\configuration\index.php(41): CodeIgniter\Debug\Exceptions->errorHandler(2, 'Undefined property: stdClass::$keywords', 'APPPATH\\Views\\extranet\\configuration\\index.php', 41)
 2 SYSTEMPATH\View\View.php(213): include('APPPATH\\Views\\extranet\\configuration\\index.php')
 3 SYSTEMPATH\View\View.php(216): CodeIgniter\View\View->CodeIgniter\View\{closure}()
 4 SYSTEMPATH\Common.php(1135): CodeIgniter\View\View->render('extranet/configuration/index', [], true)
 5 APPPATH\Controllers\Extranet\Configurationcontroller.php(13): view('extranet/configuration/index', [...])
 6 SYSTEMPATH\CodeIgniter.php(925): App\Controllers\Extranet\Configurationcontroller->index()
 7 SYSTEMPATH\CodeIgniter.php(480): CodeIgniter\CodeIgniter->runController(Object(App\Controllers\Extranet\Configurationcontroller))
 8 SYSTEMPATH\CodeIgniter.php(349): CodeIgniter\CodeIgniter->handleRequest(null, Object(Config\Cache), false)
 9 FCPATH\index.php(67): CodeIgniter\CodeIgniter->run()
10 SYSTEMPATH\Commands\Server\rewrite.php(47): require_once('FCPATH\\index.php')
CRITICAL - 2022-12-27 07:01:24 --> Undefined property: stdClass::$keywords
in APPPATH\Views\frontend\home\index.php on line 9.
 1 APPPATH\Views\frontend\home\index.php(9): CodeIgniter\Debug\Exceptions->errorHandler(2, 'Undefined property: stdClass::$keywords', 'APPPATH\\Views\\frontend\\home\\index.php', 9)
 2 SYSTEMPATH\View\View.php(213): include('APPPATH\\Views\\frontend\\home\\index.php')
 3 SYSTEMPATH\View\View.php(216): CodeIgniter\View\View->CodeIgniter\View\{closure}()
 4 SYSTEMPATH\Common.php(1135): CodeIgniter\View\View->render('frontend/home/index', [], true)
 5 APPPATH\Controllers\Frontend\Homecontroller.php(34): view('frontend/home/index', [...])
 6 SYSTEMPATH\CodeIgniter.php(925): App\Controllers\Frontend\Homecontroller->index()
 7 SYSTEMPATH\CodeIgniter.php(480): CodeIgniter\CodeIgniter->runController(Object(App\Controllers\Frontend\Homecontroller))
 8 SYSTEMPATH\CodeIgniter.php(349): CodeIgniter\CodeIgniter->handleRequest(null, Object(Config\Cache), false)
 9 FCPATH\index.php(67): CodeIgniter\CodeIgniter->run()
10 SYSTEMPATH\Commands\Server\rewrite.php(47): require_once('FCPATH\\index.php')
CRITICAL - 2022-12-27 07:06:59 --> Undefined property: stdClass::$keywords
in APPPATH\Views\frontend\home\index.php on line 9.
 1 APPPATH\Views\frontend\home\index.php(9): CodeIgniter\Debug\Exceptions->errorHandler(2, 'Undefined property: stdClass::$keywords', 'APPPATH\\Views\\frontend\\home\\index.php', 9)
 2 SYSTEMPATH\View\View.php(213): include('APPPATH\\Views\\frontend\\home\\index.php')
 3 SYSTEMPATH\View\View.php(216): CodeIgniter\View\View->CodeIgniter\View\{closure}()
 4 SYSTEMPATH\Common.php(1135): CodeIgniter\View\View->render('frontend/home/index', [], true)
 5 APPPATH\Controllers\Frontend\Homecontroller.php(34): view('frontend/home/index', [...])
 6 SYSTEMPATH\CodeIgniter.php(925): App\Controllers\Frontend\Homecontroller->index()
 7 SYSTEMPATH\CodeIgniter.php(480): CodeIgniter\CodeIgniter->runController(Object(App\Controllers\Frontend\Homecontroller))
 8 SYSTEMPATH\CodeIgniter.php(349): CodeIgniter\CodeIgniter->handleRequest(null, Object(Config\Cache), false)
 9 FCPATH\index.php(67): CodeIgniter\CodeIgniter->run()
10 SYSTEMPATH\Commands\Server\rewrite.php(47): require_once('FCPATH\\index.php')
CRITICAL - 2022-12-27 09:19:29 --> Invalid file: extranet/social-media/create.php
in SYSTEMPATH\Exceptions\FrameworkException.php on line 33.
 1 SYSTEMPATH\View\View.php(201): CodeIgniter\Exceptions\FrameworkException::forInvalidFile('extranet/social-media/create.php')
 2 SYSTEMPATH\Common.php(1135): CodeIgniter\View\View->render('extranet/social-media/create', [], true)
 3 APPPATH\Controllers\Extranet\Socialmediacontroller.php(18): view('extranet/social-media/create')
 4 SYSTEMPATH\CodeIgniter.php(925): App\Controllers\Extranet\Socialmediacontroller->create()
 5 SYSTEMPATH\CodeIgniter.php(480): CodeIgniter\CodeIgniter->runController(Object(App\Controllers\Extranet\Socialmediacontroller))
 6 SYSTEMPATH\CodeIgniter.php(349): CodeIgniter\CodeIgniter->handleRequest(null, Object(Config\Cache), false)
 7 FCPATH\index.php(67): CodeIgniter\CodeIgniter->run()
 8 SYSTEMPATH\Commands\Server\rewrite.php(47): require_once('FCPATH\\index.php')
CRITICAL - 2022-12-27 09:20:26 --> Undefined variable $configuration
in APPPATH\Views\extranet\social-media\create.php on line 37.
 1 APPPATH\Views\extranet\social-media\create.php(37): CodeIgniter\Debug\Exceptions->errorHandler(2, 'Undefined variable $configuration', 'APPPATH\\Views\\extranet\\social-media\\create.php', 37)
 2 SYSTEMPATH\View\View.php(213): include('APPPATH\\Views\\extranet\\social-media\\create.php')
 3 SYSTEMPATH\View\View.php(216): CodeIgniter\View\View->CodeIgniter\View\{closure}()
 4 SYSTEMPATH\Common.php(1135): CodeIgniter\View\View->render('extranet/social-media/create', [], true)
 5 APPPATH\Controllers\Extranet\Socialmediacontroller.php(18): view('extranet/social-media/create')
 6 SYSTEMPATH\CodeIgniter.php(925): App\Controllers\Extranet\Socialmediacontroller->create()
 7 SYSTEMPATH\CodeIgniter.php(480): CodeIgniter\CodeIgniter->runController(Object(App\Controllers\Extranet\Socialmediacontroller))
 8 SYSTEMPATH\CodeIgniter.php(349): CodeIgniter\CodeIgniter->handleRequest(null, Object(Config\Cache), false)
 9 FCPATH\index.php(67): CodeIgniter\CodeIgniter->run()
10 SYSTEMPATH\Commands\Server\rewrite.php(47): require_once('FCPATH\\index.php')
