ERROR - 2023-01-04 02:56:20 --> mysqli_sql_exception: Table 'nadi-diasproject.faq' doesn't exist in C:\xampp-8-1-12\htdocs\nadi-diasproject\system\Database\MySQLi\Connection.php:292
Stack trace:
#0 C:\xampp-8-1-12\htdocs\nadi-diasproject\system\Database\MySQLi\Connection.php(292): mysqli->query('SELECT *\nFROM `...', 0)
#1 C:\xampp-8-1-12\htdocs\nadi-diasproject\system\Database\BaseConnection.php(666): CodeIgniter\Database\MySQLi\Connection->execute('SELECT *\nFROM `...')
#2 C:\xampp-8-1-12\htdocs\nadi-diasproject\system\Database\BaseConnection.php(593): CodeIgniter\Database\BaseConnection->simpleQuery('SELECT *\nFROM `...')
#3 C:\xampp-8-1-12\htdocs\nadi-diasproject\system\Database\BaseBuilder.php(1585): CodeIgniter\Database\BaseConnection->query('SELECT *\nFROM `...', Array, false)
#4 C:\xampp-8-1-12\htdocs\nadi-diasproject\system\Model.php(805): CodeIgniter\Database\BaseBuilder->get()
#5 C:\xampp-8-1-12\htdocs\nadi-diasproject\app\Controllers\Extranet\Faqcontroller.php(12): CodeIgniter\Model->__call('get', Array)
#6 C:\xampp-8-1-12\htdocs\nadi-diasproject\system\CodeIgniter.php(925): App\Controllers\Extranet\Faqcontroller->index()
#7 C:\xampp-8-1-12\htdocs\nadi-diasproject\system\CodeIgniter.php(480): CodeIgniter\CodeIgniter->runController(Object(App\Controllers\Extranet\Faqcontroller))
#8 C:\xampp-8-1-12\htdocs\nadi-diasproject\system\CodeIgniter.php(349): CodeIgniter\CodeIgniter->handleRequest(NULL, Object(Config\Cache), false)
#9 C:\xampp-8-1-12\htdocs\nadi-diasproject\public\index.php(67): CodeIgniter\CodeIgniter->run()
#10 C:\xampp-8-1-12\htdocs\nadi-diasproject\system\Commands\Server\rewrite.php(47): require_once('C:\\xampp-8-1-12...')
#11 {main}
CRITICAL - 2023-01-04 02:56:20 --> Table 'nadi-diasproject.faq' doesn't exist
in SYSTEMPATH\Database\MySQLi\Connection.php on line 292.
 1 SYSTEMPATH\Database\MySQLi\Connection.php(292): mysqli->query('SELECT *
FROM `faq`
ORDER BY `created_at` ASC', 0)
 2 SYSTEMPATH\Database\BaseConnection.php(666): CodeIgniter\Database\MySQLi\Connection->execute('SELECT *
FROM `faq`
ORDER BY `created_at` ASC')
 3 SYSTEMPATH\Database\BaseConnection.php(593): CodeIgniter\Database\BaseConnection->simpleQuery('SELECT *
FROM `faq`
ORDER BY `created_at` ASC')
 4 SYSTEMPATH\Database\BaseBuilder.php(1585): CodeIgniter\Database\BaseConnection->query('SELECT *
FROM `faq`
ORDER BY `created_at` ASC', [], false)
 5 SYSTEMPATH\Model.php(805): CodeIgniter\Database\BaseBuilder->get()
 6 APPPATH\Controllers\Extranet\Faqcontroller.php(12): CodeIgniter\Model->__call('get', [])
 7 SYSTEMPATH\CodeIgniter.php(925): App\Controllers\Extranet\Faqcontroller->index()
 8 SYSTEMPATH\CodeIgniter.php(480): CodeIgniter\CodeIgniter->runController(Object(App\Controllers\Extranet\Faqcontroller))
 9 SYSTEMPATH\CodeIgniter.php(349): CodeIgniter\CodeIgniter->handleRequest(null, Object(Config\Cache), false)
10 FCPATH\index.php(67): CodeIgniter\CodeIgniter->run()
11 SYSTEMPATH\Commands\Server\rewrite.php(47): require_once('FCPATH\\index.php')
CRITICAL - 2023-01-04 03:16:29 --> Cannot use isset() on the result of an expression (you can use "null !== expression" instead)
in APPPATH\Views\extranet\components\header.php on line 17.
 1 [internal function]: CodeIgniter\Debug\Exceptions->shutdownHandler()
CRITICAL - 2023-01-04 03:16:30 --> Cannot use isset() on the result of an expression (you can use "null !== expression" instead)
in APPPATH\Views\extranet\components\header.php on line 17.
 1 [internal function]: CodeIgniter\Debug\Exceptions->shutdownHandler()
CRITICAL - 2023-01-04 03:16:31 --> Cannot use isset() on the result of an expression (you can use "null !== expression" instead)
in APPPATH\Views\extranet\components\header.php on line 17.
 1 [internal function]: CodeIgniter\Debug\Exceptions->shutdownHandler()
CRITICAL - 2023-01-04 10:06:35 --> Invalid file: extranet/bill/index.php
in SYSTEMPATH\Exceptions\FrameworkException.php on line 33.
 1 SYSTEMPATH\View\View.php(201): CodeIgniter\Exceptions\FrameworkException::forInvalidFile('extranet/bill/index.php')
 2 SYSTEMPATH\Common.php(1135): CodeIgniter\View\View->render('extranet/bill/index', [], true)
 3 APPPATH\Controllers\Extranet\Billcontroller.php(14): view('extranet/bill/index', [...])
 4 SYSTEMPATH\CodeIgniter.php(925): App\Controllers\Extranet\Billcontroller->index()
 5 SYSTEMPATH\CodeIgniter.php(480): CodeIgniter\CodeIgniter->runController(Object(App\Controllers\Extranet\Billcontroller))
 6 SYSTEMPATH\CodeIgniter.php(349): CodeIgniter\CodeIgniter->handleRequest(null, Object(Config\Cache), false)
 7 FCPATH\index.php(67): CodeIgniter\CodeIgniter->run()
 8 SYSTEMPATH\Commands\Server\rewrite.php(47): require_once('FCPATH\\index.php')
CRITICAL - 2023-01-04 10:57:42 --> Invalid file: extranet/bill/index.php
in SYSTEMPATH\Exceptions\FrameworkException.php on line 33.
 1 SYSTEMPATH\View\View.php(201): CodeIgniter\Exceptions\FrameworkException::forInvalidFile('extranet/bill/index.php')
 2 SYSTEMPATH\Common.php(1135): CodeIgniter\View\View->render('extranet/bill/index', [], true)
 3 APPPATH\Controllers\Extranet\Billcontroller.php(14): view('extranet/bill/index', [...])
 4 SYSTEMPATH\CodeIgniter.php(925): App\Controllers\Extranet\Billcontroller->index()
 5 SYSTEMPATH\CodeIgniter.php(480): CodeIgniter\CodeIgniter->runController(Object(App\Controllers\Extranet\Billcontroller))
 6 SYSTEMPATH\CodeIgniter.php(349): CodeIgniter\CodeIgniter->handleRequest(null, Object(Config\Cache), false)
 7 FCPATH\index.php(67): CodeIgniter\CodeIgniter->run()
 8 SYSTEMPATH\Commands\Server\rewrite.php(47): require_once('FCPATH\\index.php')
CRITICAL - 2023-01-04 10:57:43 --> Invalid file: extranet/bill/index.php
in SYSTEMPATH\Exceptions\FrameworkException.php on line 33.
 1 SYSTEMPATH\View\View.php(201): CodeIgniter\Exceptions\FrameworkException::forInvalidFile('extranet/bill/index.php')
 2 SYSTEMPATH\Common.php(1135): CodeIgniter\View\View->render('extranet/bill/index', [], true)
 3 APPPATH\Controllers\Extranet\Billcontroller.php(14): view('extranet/bill/index', [...])
 4 SYSTEMPATH\CodeIgniter.php(925): App\Controllers\Extranet\Billcontroller->index()
 5 SYSTEMPATH\CodeIgniter.php(480): CodeIgniter\CodeIgniter->runController(Object(App\Controllers\Extranet\Billcontroller))
 6 SYSTEMPATH\CodeIgniter.php(349): CodeIgniter\CodeIgniter->handleRequest(null, Object(Config\Cache), false)
 7 FCPATH\index.php(67): CodeIgniter\CodeIgniter->run()
 8 SYSTEMPATH\Commands\Server\rewrite.php(47): require_once('FCPATH\\index.php')
