ERROR - 2022-12-24 09:01:14 --> mysqli_sql_exception: Table 'nadi-diasproject.mytable' doesn't exist in C:\xampp8-1-12\htdocs\nadi-diasproject\system\Database\MySQLi\Connection.php:292
Stack trace:
#0 C:\xampp8-1-12\htdocs\nadi-diasproject\system\Database\MySQLi\Connection.php(292): mysqli->query('SELECT *\nFROM `...', 0)
#1 C:\xampp8-1-12\htdocs\nadi-diasproject\system\Database\BaseConnection.php(666): CodeIgniter\Database\MySQLi\Connection->execute('SELECT *\nFROM `...')
#2 C:\xampp8-1-12\htdocs\nadi-diasproject\system\Database\BaseConnection.php(593): CodeIgniter\Database\BaseConnection->simpleQuery('SELECT *\nFROM `...')
#3 C:\xampp8-1-12\htdocs\nadi-diasproject\system\Database\BaseBuilder.php(1585): CodeIgniter\Database\BaseConnection->query('SELECT *\nFROM `...', Array, false)
#4 C:\xampp8-1-12\htdocs\nadi-diasproject\app\Controllers\Frontend\Homecontroller.php(11): CodeIgniter\Database\BaseBuilder->get()
#5 C:\xampp8-1-12\htdocs\nadi-diasproject\system\CodeIgniter.php(925): App\Controllers\Frontend\Homecontroller->index()
#6 C:\xampp8-1-12\htdocs\nadi-diasproject\system\CodeIgniter.php(480): CodeIgniter\CodeIgniter->runController(Object(App\Controllers\Frontend\Homecontroller))
#7 C:\xampp8-1-12\htdocs\nadi-diasproject\system\CodeIgniter.php(349): CodeIgniter\CodeIgniter->handleRequest(NULL, Object(Config\Cache), false)
#8 C:\xampp8-1-12\htdocs\nadi-diasproject\public\index.php(67): CodeIgniter\CodeIgniter->run()
#9 C:\xampp8-1-12\htdocs\nadi-diasproject\system\Commands\Server\rewrite.php(47): require_once('C:\\xampp8-1-12\\...')
#10 {main}
CRITICAL - 2022-12-24 09:01:14 --> Table 'nadi-diasproject.mytable' doesn't exist
in SYSTEMPATH\Database\MySQLi\Connection.php on line 292.
 1 SYSTEMPATH\Database\MySQLi\Connection.php(292): mysqli->query('SELECT *
FROM `mytable`', 0)
 2 SYSTEMPATH\Database\BaseConnection.php(666): CodeIgniter\Database\MySQLi\Connection->execute('SELECT *
FROM `mytable`')
 3 SYSTEMPATH\Database\BaseConnection.php(593): CodeIgniter\Database\BaseConnection->simpleQuery('SELECT *
FROM `mytable`')
 4 SYSTEMPATH\Database\BaseBuilder.php(1585): CodeIgniter\Database\BaseConnection->query('SELECT *
FROM `mytable`', [], false)
 5 APPPATH\Controllers\Frontend\Homecontroller.php(11): CodeIgniter\Database\BaseBuilder->get()
 6 SYSTEMPATH\CodeIgniter.php(925): App\Controllers\Frontend\Homecontroller->index()
 7 SYSTEMPATH\CodeIgniter.php(480): CodeIgniter\CodeIgniter->runController(Object(App\Controllers\Frontend\Homecontroller))
 8 SYSTEMPATH\CodeIgniter.php(349): CodeIgniter\CodeIgniter->handleRequest(null, Object(Config\Cache), false)
 9 FCPATH\index.php(67): CodeIgniter\CodeIgniter->run()
10 SYSTEMPATH\Commands\Server\rewrite.php(47): require_once('FCPATH\\index.php')
CRITICAL - 2022-12-24 09:01:30 --> Undefined variable $data
in APPPATH\Controllers\Frontend\Homecontroller.php on line 14.
 1 APPPATH\Controllers\Frontend\Homecontroller.php(14): CodeIgniter\Debug\Exceptions->errorHandler(2, 'Undefined variable $data', 'APPPATH\\Controllers\\Frontend\\Homecontroller.php', 14)
 2 SYSTEMPATH\CodeIgniter.php(925): App\Controllers\Frontend\Homecontroller->index()
 3 SYSTEMPATH\CodeIgniter.php(480): CodeIgniter\CodeIgniter->runController(Object(App\Controllers\Frontend\Homecontroller))
 4 SYSTEMPATH\CodeIgniter.php(349): CodeIgniter\CodeIgniter->handleRequest(null, Object(Config\Cache), false)
 5 FCPATH\index.php(67): CodeIgniter\CodeIgniter->run()
 6 SYSTEMPATH\Commands\Server\rewrite.php(47): require_once('FCPATH\\index.php')
CRITICAL - 2022-12-24 09:05:54 --> json_decode(): Argument #1 ($json) must be of type string, CodeIgniter\Database\MySQLi\Result given
in APPPATH\Controllers\Frontend\Homecontroller.php on line 13.
 1 APPPATH\Controllers\Frontend\Homecontroller.php(13): json_decode(Object(CodeIgniter\Database\MySQLi\Result))
 2 SYSTEMPATH\CodeIgniter.php(925): App\Controllers\Frontend\Homecontroller->index()
 3 SYSTEMPATH\CodeIgniter.php(480): CodeIgniter\CodeIgniter->runController(Object(App\Controllers\Frontend\Homecontroller))
 4 SYSTEMPATH\CodeIgniter.php(349): CodeIgniter\CodeIgniter->handleRequest(null, Object(Config\Cache), false)
 5 FCPATH\index.php(67): CodeIgniter\CodeIgniter->run()
 6 SYSTEMPATH\Commands\Server\rewrite.php(47): require_once('FCPATH\\index.php')
CRITICAL - 2022-12-24 09:16:09 --> json_decode(): Argument #1 ($json) must be of type string, stdClass given
in APPPATH\Controllers\Frontend\Homecontroller.php on line 13.
 1 APPPATH\Controllers\Frontend\Homecontroller.php(13): json_decode(Object(stdClass))
 2 SYSTEMPATH\CodeIgniter.php(925): App\Controllers\Frontend\Homecontroller->index()
 3 SYSTEMPATH\CodeIgniter.php(480): CodeIgniter\CodeIgniter->runController(Object(App\Controllers\Frontend\Homecontroller))
 4 SYSTEMPATH\CodeIgniter.php(349): CodeIgniter\CodeIgniter->handleRequest(null, Object(Config\Cache), false)
 5 FCPATH\index.php(67): CodeIgniter\CodeIgniter->run()
 6 SYSTEMPATH\Commands\Server\rewrite.php(47): require_once('FCPATH\\index.php')
CRITICAL - 2022-12-24 09:30:49 --> Undefined variable $configuration
in APPPATH\Views\frontend\components\header.php on line 4.
 1 APPPATH\Views\frontend\components\header.php(4): CodeIgniter\Debug\Exceptions->errorHandler(2, 'Undefined variable $configuration', 'APPPATH\\Views\\frontend\\components\\header.php', 4)
 2 SYSTEMPATH\View\View.php(213): include('APPPATH\\Views\\frontend\\components\\header.php')
 3 SYSTEMPATH\View\View.php(216): CodeIgniter\View\View->CodeIgniter\View\{closure}()
 4 SYSTEMPATH\View\View.php(431): CodeIgniter\View\View->render('frontend/components/header', null, true)
 5 APPPATH\Views\frontend\account\index.php(54): CodeIgniter\View\View->include('frontend/components/header')
 6 SYSTEMPATH\View\View.php(213): include('APPPATH\\Views\\frontend\\account\\index.php')
 7 SYSTEMPATH\View\View.php(216): CodeIgniter\View\View->CodeIgniter\View\{closure}()
 8 SYSTEMPATH\Common.php(1135): CodeIgniter\View\View->render('frontend/account/index', [], true)
 9 APPPATH\Controllers\Frontend\Accountcontroller.php(9): view('frontend/account/index')
10 SYSTEMPATH\CodeIgniter.php(925): App\Controllers\Frontend\Accountcontroller->index()
11 SYSTEMPATH\CodeIgniter.php(480): CodeIgniter\CodeIgniter->runController(Object(App\Controllers\Frontend\Accountcontroller))
12 SYSTEMPATH\CodeIgniter.php(349): CodeIgniter\CodeIgniter->handleRequest(null, Object(Config\Cache), false)
13 FCPATH\index.php(67): CodeIgniter\CodeIgniter->run()
14 SYSTEMPATH\Commands\Server\rewrite.php(47): require_once('FCPATH\\index.php')
CRITICAL - 2022-12-24 09:36:25 --> Undefined property: App\Controllers\Frontend\Homecontroller::$configuration
in APPPATH\Controllers\Frontend\Homecontroller.php on line 14.
 1 APPPATH\Controllers\Frontend\Homecontroller.php(14): CodeIgniter\Debug\Exceptions->errorHandler(2, 'Undefined property: App\\Controllers\\Frontend\\Homecontroller::$configuration', 'APPPATH\\Controllers\\Frontend\\Homecontroller.php', 14)
 2 SYSTEMPATH\CodeIgniter.php(925): App\Controllers\Frontend\Homecontroller->index()
 3 SYSTEMPATH\CodeIgniter.php(480): CodeIgniter\CodeIgniter->runController(Object(App\Controllers\Frontend\Homecontroller))
 4 SYSTEMPATH\CodeIgniter.php(349): CodeIgniter\CodeIgniter->handleRequest(null, Object(Config\Cache), false)
 5 FCPATH\index.php(67): CodeIgniter\CodeIgniter->run()
 6 SYSTEMPATH\Commands\Server\rewrite.php(47): require_once('FCPATH\\index.php')
CRITICAL - 2022-12-24 09:36:55 --> Undefined variable $configuration
in APPPATH\Controllers\Frontend\Homecontroller.php on line 14.
 1 APPPATH\Controllers\Frontend\Homecontroller.php(14): CodeIgniter\Debug\Exceptions->errorHandler(2, 'Undefined variable $configuration', 'APPPATH\\Controllers\\Frontend\\Homecontroller.php', 14)
 2 SYSTEMPATH\CodeIgniter.php(925): App\Controllers\Frontend\Homecontroller->index()
 3 SYSTEMPATH\CodeIgniter.php(480): CodeIgniter\CodeIgniter->runController(Object(App\Controllers\Frontend\Homecontroller))
 4 SYSTEMPATH\CodeIgniter.php(349): CodeIgniter\CodeIgniter->handleRequest(null, Object(Config\Cache), false)
 5 FCPATH\index.php(67): CodeIgniter\CodeIgniter->run()
 6 SYSTEMPATH\Commands\Server\rewrite.php(47): require_once('FCPATH\\index.php')
CRITICAL - 2022-12-24 09:38:42 --> Undefined property: App\Controllers\Frontend\Homecontroller::$configuration
in APPPATH\Controllers\Frontend\Homecontroller.php on line 15.
 1 APPPATH\Controllers\Frontend\Homecontroller.php(15): CodeIgniter\Debug\Exceptions->errorHandler(2, 'Undefined property: App\\Controllers\\Frontend\\Homecontroller::$configuration', 'APPPATH\\Controllers\\Frontend\\Homecontroller.php', 15)
 2 SYSTEMPATH\CodeIgniter.php(925): App\Controllers\Frontend\Homecontroller->index()
 3 SYSTEMPATH\CodeIgniter.php(480): CodeIgniter\CodeIgniter->runController(Object(App\Controllers\Frontend\Homecontroller))
 4 SYSTEMPATH\CodeIgniter.php(349): CodeIgniter\CodeIgniter->handleRequest(null, Object(Config\Cache), false)
 5 FCPATH\index.php(67): CodeIgniter\CodeIgniter->run()
 6 SYSTEMPATH\Commands\Server\rewrite.php(47): require_once('FCPATH\\index.php')
CRITICAL - 2022-12-24 10:34:40 --> Undefined property: mysqli::$link
in APPPATH\Views\frontend\components\header.php on line 32.
 1 APPPATH\Views\frontend\components\header.php(32): CodeIgniter\Debug\Exceptions->errorHandler(2, 'Undefined property: mysqli::$link', 'APPPATH\\Views\\frontend\\components\\header.php', 32)
 2 SYSTEMPATH\View\View.php(213): include('APPPATH\\Views\\frontend\\components\\header.php')
 3 SYSTEMPATH\View\View.php(216): CodeIgniter\View\View->CodeIgniter\View\{closure}()
 4 SYSTEMPATH\View\View.php(431): CodeIgniter\View\View->render('frontend/components/header', null, true)
 5 APPPATH\Views\frontend\home\index.php(44): CodeIgniter\View\View->include('frontend/components/header')
 6 SYSTEMPATH\View\View.php(213): include('APPPATH\\Views\\frontend\\home\\index.php')
 7 SYSTEMPATH\View\View.php(216): CodeIgniter\View\View->CodeIgniter\View\{closure}()
 8 SYSTEMPATH\Common.php(1135): CodeIgniter\View\View->render('frontend/home/index', [], true)
 9 APPPATH\Controllers\Frontend\Homecontroller.php(18): view('frontend/home/index', [...])
10 SYSTEMPATH\CodeIgniter.php(925): App\Controllers\Frontend\Homecontroller->index()
11 SYSTEMPATH\CodeIgniter.php(480): CodeIgniter\CodeIgniter->runController(Object(App\Controllers\Frontend\Homecontroller))
12 SYSTEMPATH\CodeIgniter.php(349): CodeIgniter\CodeIgniter->handleRequest(null, Object(Config\Cache), false)
13 FCPATH\index.php(67): CodeIgniter\CodeIgniter->run()
14 SYSTEMPATH\Commands\Server\rewrite.php(47): require_once('FCPATH\\index.php')
CRITICAL - 2022-12-24 10:34:43 --> Undefined property: mysqli::$link
in APPPATH\Views\frontend\components\header.php on line 32.
 1 APPPATH\Views\frontend\components\header.php(32): CodeIgniter\Debug\Exceptions->errorHandler(2, 'Undefined property: mysqli::$link', 'APPPATH\\Views\\frontend\\components\\header.php', 32)
 2 SYSTEMPATH\View\View.php(213): include('APPPATH\\Views\\frontend\\components\\header.php')
 3 SYSTEMPATH\View\View.php(216): CodeIgniter\View\View->CodeIgniter\View\{closure}()
 4 SYSTEMPATH\View\View.php(431): CodeIgniter\View\View->render('frontend/components/header', null, true)
 5 APPPATH\Views\frontend\home\index.php(44): CodeIgniter\View\View->include('frontend/components/header')
 6 SYSTEMPATH\View\View.php(213): include('APPPATH\\Views\\frontend\\home\\index.php')
 7 SYSTEMPATH\View\View.php(216): CodeIgniter\View\View->CodeIgniter\View\{closure}()
 8 SYSTEMPATH\Common.php(1135): CodeIgniter\View\View->render('frontend/home/index', [], true)
 9 APPPATH\Controllers\Frontend\Homecontroller.php(18): view('frontend/home/index', [...])
10 SYSTEMPATH\CodeIgniter.php(925): App\Controllers\Frontend\Homecontroller->index()
11 SYSTEMPATH\CodeIgniter.php(480): CodeIgniter\CodeIgniter->runController(Object(App\Controllers\Frontend\Homecontroller))
12 SYSTEMPATH\CodeIgniter.php(349): CodeIgniter\CodeIgniter->handleRequest(null, Object(Config\Cache), false)
13 FCPATH\index.php(67): CodeIgniter\CodeIgniter->run()
14 SYSTEMPATH\Commands\Server\rewrite.php(47): require_once('FCPATH\\index.php')
CRITICAL - 2022-12-24 10:35:26 --> Undefined property: mysqli::$link
in APPPATH\Views\frontend\components\header.php on line 32.
 1 APPPATH\Views\frontend\components\header.php(32): CodeIgniter\Debug\Exceptions->errorHandler(2, 'Undefined property: mysqli::$link', 'APPPATH\\Views\\frontend\\components\\header.php', 32)
 2 SYSTEMPATH\View\View.php(213): include('APPPATH\\Views\\frontend\\components\\header.php')
 3 SYSTEMPATH\View\View.php(216): CodeIgniter\View\View->CodeIgniter\View\{closure}()
 4 SYSTEMPATH\View\View.php(431): CodeIgniter\View\View->render('frontend/components/header', null, true)
 5 APPPATH\Views\frontend\home\index.php(44): CodeIgniter\View\View->include('frontend/components/header')
 6 SYSTEMPATH\View\View.php(213): include('APPPATH\\Views\\frontend\\home\\index.php')
 7 SYSTEMPATH\View\View.php(216): CodeIgniter\View\View->CodeIgniter\View\{closure}()
 8 SYSTEMPATH\Common.php(1135): CodeIgniter\View\View->render('frontend/home/index', [], true)
 9 APPPATH\Controllers\Frontend\Homecontroller.php(18): view('frontend/home/index', [...])
10 SYSTEMPATH\CodeIgniter.php(925): App\Controllers\Frontend\Homecontroller->index()
11 SYSTEMPATH\CodeIgniter.php(480): CodeIgniter\CodeIgniter->runController(Object(App\Controllers\Frontend\Homecontroller))
12 SYSTEMPATH\CodeIgniter.php(349): CodeIgniter\CodeIgniter->handleRequest(null, Object(Config\Cache), false)
13 FCPATH\index.php(67): CodeIgniter\CodeIgniter->run()
14 SYSTEMPATH\Commands\Server\rewrite.php(47): require_once('FCPATH\\index.php')
CRITICAL - 2022-12-24 10:35:26 --> Undefined property: mysqli::$link
in APPPATH\Views\frontend\components\header.php on line 32.
 1 APPPATH\Views\frontend\components\header.php(32): CodeIgniter\Debug\Exceptions->errorHandler(2, 'Undefined property: mysqli::$link', 'APPPATH\\Views\\frontend\\components\\header.php', 32)
 2 SYSTEMPATH\View\View.php(213): include('APPPATH\\Views\\frontend\\components\\header.php')
 3 SYSTEMPATH\View\View.php(216): CodeIgniter\View\View->CodeIgniter\View\{closure}()
 4 SYSTEMPATH\View\View.php(431): CodeIgniter\View\View->render('frontend/components/header', null, true)
 5 APPPATH\Views\frontend\home\index.php(44): CodeIgniter\View\View->include('frontend/components/header')
 6 SYSTEMPATH\View\View.php(213): include('APPPATH\\Views\\frontend\\home\\index.php')
 7 SYSTEMPATH\View\View.php(216): CodeIgniter\View\View->CodeIgniter\View\{closure}()
 8 SYSTEMPATH\Common.php(1135): CodeIgniter\View\View->render('frontend/home/index', [], true)
 9 APPPATH\Controllers\Frontend\Homecontroller.php(18): view('frontend/home/index', [...])
10 SYSTEMPATH\CodeIgniter.php(925): App\Controllers\Frontend\Homecontroller->index()
11 SYSTEMPATH\CodeIgniter.php(480): CodeIgniter\CodeIgniter->runController(Object(App\Controllers\Frontend\Homecontroller))
12 SYSTEMPATH\CodeIgniter.php(349): CodeIgniter\CodeIgniter->handleRequest(null, Object(Config\Cache), false)
13 FCPATH\index.php(67): CodeIgniter\CodeIgniter->run()
14 SYSTEMPATH\Commands\Server\rewrite.php(47): require_once('FCPATH\\index.php')
CRITICAL - 2022-12-24 10:37:01 --> Undefined variable $ROW
in APPPATH\Views\frontend\components\header.php on line 32.
 1 APPPATH\Views\frontend\components\header.php(32): CodeIgniter\Debug\Exceptions->errorHandler(2, 'Undefined variable $ROW', 'APPPATH\\Views\\frontend\\components\\header.php', 32)
 2 SYSTEMPATH\View\View.php(213): include('APPPATH\\Views\\frontend\\components\\header.php')
 3 SYSTEMPATH\View\View.php(216): CodeIgniter\View\View->CodeIgniter\View\{closure}()
 4 SYSTEMPATH\View\View.php(431): CodeIgniter\View\View->render('frontend/components/header', null, true)
 5 APPPATH\Views\frontend\home\index.php(44): CodeIgniter\View\View->include('frontend/components/header')
 6 SYSTEMPATH\View\View.php(213): include('APPPATH\\Views\\frontend\\home\\index.php')
 7 SYSTEMPATH\View\View.php(216): CodeIgniter\View\View->CodeIgniter\View\{closure}()
 8 SYSTEMPATH\Common.php(1135): CodeIgniter\View\View->render('frontend/home/index', [], true)
 9 APPPATH\Controllers\Frontend\Homecontroller.php(18): view('frontend/home/index', [...])
10 SYSTEMPATH\CodeIgniter.php(925): App\Controllers\Frontend\Homecontroller->index()
11 SYSTEMPATH\CodeIgniter.php(480): CodeIgniter\CodeIgniter->runController(Object(App\Controllers\Frontend\Homecontroller))
12 SYSTEMPATH\CodeIgniter.php(349): CodeIgniter\CodeIgniter->handleRequest(null, Object(Config\Cache), false)
13 FCPATH\index.php(67): CodeIgniter\CodeIgniter->run()
14 SYSTEMPATH\Commands\Server\rewrite.php(47): require_once('FCPATH\\index.php')
CRITICAL - 2022-12-24 10:37:03 --> Undefined variable $ROW
in APPPATH\Views\frontend\components\header.php on line 32.
 1 APPPATH\Views\frontend\components\header.php(32): CodeIgniter\Debug\Exceptions->errorHandler(2, 'Undefined variable $ROW', 'APPPATH\\Views\\frontend\\components\\header.php', 32)
 2 SYSTEMPATH\View\View.php(213): include('APPPATH\\Views\\frontend\\components\\header.php')
 3 SYSTEMPATH\View\View.php(216): CodeIgniter\View\View->CodeIgniter\View\{closure}()
 4 SYSTEMPATH\View\View.php(431): CodeIgniter\View\View->render('frontend/components/header', null, true)
 5 APPPATH\Views\frontend\home\index.php(44): CodeIgniter\View\View->include('frontend/components/header')
 6 SYSTEMPATH\View\View.php(213): include('APPPATH\\Views\\frontend\\home\\index.php')
 7 SYSTEMPATH\View\View.php(216): CodeIgniter\View\View->CodeIgniter\View\{closure}()
 8 SYSTEMPATH\Common.php(1135): CodeIgniter\View\View->render('frontend/home/index', [], true)
 9 APPPATH\Controllers\Frontend\Homecontroller.php(18): view('frontend/home/index', [...])
10 SYSTEMPATH\CodeIgniter.php(925): App\Controllers\Frontend\Homecontroller->index()
11 SYSTEMPATH\CodeIgniter.php(480): CodeIgniter\CodeIgniter->runController(Object(App\Controllers\Frontend\Homecontroller))
12 SYSTEMPATH\CodeIgniter.php(349): CodeIgniter\CodeIgniter->handleRequest(null, Object(Config\Cache), false)
13 FCPATH\index.php(67): CodeIgniter\CodeIgniter->run()
14 SYSTEMPATH\Commands\Server\rewrite.php(47): require_once('FCPATH\\index.php')
CRITICAL - 2022-12-24 10:37:30 --> Undefined variable $social_media
in APPPATH\Views\frontend\components\header.php on line 31.
 1 APPPATH\Views\frontend\components\header.php(31): CodeIgniter\Debug\Exceptions->errorHandler(2, 'Undefined variable $social_media', 'APPPATH\\Views\\frontend\\components\\header.php', 31)
 2 SYSTEMPATH\View\View.php(213): include('APPPATH\\Views\\frontend\\components\\header.php')
 3 SYSTEMPATH\View\View.php(216): CodeIgniter\View\View->CodeIgniter\View\{closure}()
 4 SYSTEMPATH\View\View.php(431): CodeIgniter\View\View->render('frontend/components/header', null, true)
 5 APPPATH\Views\frontend\account\index.php(52): CodeIgniter\View\View->include('frontend/components/header')
 6 SYSTEMPATH\View\View.php(213): include('APPPATH\\Views\\frontend\\account\\index.php')
 7 SYSTEMPATH\View\View.php(216): CodeIgniter\View\View->CodeIgniter\View\{closure}()
 8 SYSTEMPATH\Common.php(1135): CodeIgniter\View\View->render('frontend/account/index', [], true)
 9 APPPATH\Controllers\Frontend\Accountcontroller.php(15): view('frontend/account/index', [...])
10 SYSTEMPATH\CodeIgniter.php(925): App\Controllers\Frontend\Accountcontroller->index()
11 SYSTEMPATH\CodeIgniter.php(480): CodeIgniter\CodeIgniter->runController(Object(App\Controllers\Frontend\Accountcontroller))
12 SYSTEMPATH\CodeIgniter.php(349): CodeIgniter\CodeIgniter->handleRequest(null, Object(Config\Cache), false)
13 FCPATH\index.php(67): CodeIgniter\CodeIgniter->run()
14 SYSTEMPATH\Commands\Server\rewrite.php(47): require_once('FCPATH\\index.php')
